[2024-06-27T04:32:23.156+0000] {local_task_job_runner.py:120} INFO - ::group::Pre task execution logs
[2024-06-27T04:32:23.186+0000] {taskinstance.py:2076} INFO - Dependencies all met for dep_context=non-requeueable deps ti=<TaskInstance: etl_dag.load manual__2024-06-27T04:31:57.440226+00:00 [queued]>
[2024-06-27T04:32:23.196+0000] {taskinstance.py:2076} INFO - Dependencies all met for dep_context=requeueable deps ti=<TaskInstance: etl_dag.load manual__2024-06-27T04:31:57.440226+00:00 [queued]>
[2024-06-27T04:32:23.197+0000] {taskinstance.py:2306} INFO - Starting attempt 1 of 2
[2024-06-27T04:32:23.213+0000] {taskinstance.py:2330} INFO - Executing <Task(PythonOperator): load> on 2024-06-27 04:31:57.440226+00:00
[2024-06-27T04:32:23.223+0000] {standard_task_runner.py:90} INFO - Running: ['***', 'tasks', 'run', 'etl_dag', 'load', 'manual__2024-06-27T04:31:57.440226+00:00', '--job-id', '31', '--raw', '--subdir', 'DAGS_FOLDER/etl_dag.py', '--cfg-path', '/tmp/tmpwve99m7y']
[2024-06-27T04:32:23.226+0000] {standard_task_runner.py:91} INFO - Job 31: Subtask load
[2024-06-27T04:32:23.227+0000] {logging_mixin.py:188} WARNING - /home/***/.local/lib/python3.12/site-packages/***/task/task_runner/standard_task_runner.py:61 DeprecationWarning: This process (pid=3917) is multi-threaded, use of fork() may lead to deadlocks in the child.
[2024-06-27T04:32:23.228+0000] {standard_task_runner.py:63} INFO - Started process 3919 to run task
[2024-06-27T04:32:23.276+0000] {task_command.py:426} INFO - Running <TaskInstance: etl_dag.load manual__2024-06-27T04:31:57.440226+00:00 [running]> on host e05dad425a09
[2024-06-27T04:32:23.370+0000] {taskinstance.py:2648} INFO - Exporting env vars: AIRFLOW_CTX_DAG_OWNER='***' AIRFLOW_CTX_DAG_ID='etl_dag' AIRFLOW_CTX_TASK_ID='load' AIRFLOW_CTX_EXECUTION_DATE='2024-06-27T04:31:57.440226+00:00' AIRFLOW_CTX_TRY_NUMBER='1' AIRFLOW_CTX_DAG_RUN_ID='manual__2024-06-27T04:31:57.440226+00:00'
[2024-06-27T04:32:23.372+0000] {taskinstance.py:430} INFO - ::endgroup::
[2024-06-27T04:32:23.411+0000] {logging_mixin.py:188} WARNING - /home/***/.local/lib/python3.12/site-packages/google/cloud/firestore_v1/base_collection.py:302 UserWarning: Detected filter using positional arguments. Prefer using the 'filter' keyword argument instead.
[2024-06-27T04:32:24.315+0000] {logging_mixin.py:188} INFO - Document with title 'Đời là cát, bụi là ta' already exists, updated the document.
[2024-06-27T04:32:24.867+0000] {logging_mixin.py:188} INFO - File with name 'Đời_là_cát,_bụi_là_ta.pdf' already exists in the storage.
[2024-06-27T04:32:25.174+0000] {logging_mixin.py:188} INFO - Document with title 'Thánh Vịnh 18 (Lễ Thánh Phêrô & Phaolô)' already exists, updated the document.
[2024-06-27T04:32:25.276+0000] {logging_mixin.py:188} INFO - File with name 'Thánh_Vịnh_18_(Lễ_Thánh_Phêrô_&_Phaolô).pdf' already exists in the storage.
[2024-06-27T04:32:25.491+0000] {logging_mixin.py:188} INFO - Document with title 'Thánh Vịnh 33 (Mừng thánh phêrô & phaolô)' already exists, updated the document.
[2024-06-27T04:32:25.595+0000] {logging_mixin.py:188} INFO - File with name 'Thánh_Vịnh_33_(Mừng_thánh_phêrô_&_phaolô).pdf' already exists in the storage.
[2024-06-27T04:32:25.791+0000] {logging_mixin.py:188} INFO - Document with title 'Xin Thánh Cả Phêrô' already exists, updated the document.
[2024-06-27T04:32:25.900+0000] {logging_mixin.py:188} INFO - File with name 'Xin_Thánh_Cả_Phêrô.pdf' already exists in the storage.
[2024-06-27T04:32:26.098+0000] {logging_mixin.py:188} INFO - Document with title 'Thánh Tông đồ' already exists, updated the document.
[2024-06-27T04:32:26.207+0000] {logging_mixin.py:188} INFO - File with name 'Thánh_Tông_đồ.pdf' already exists in the storage.
[2024-06-27T04:32:26.403+0000] {logging_mixin.py:188} INFO - Document with title 'Phêrô Con Là đá' already exists, updated the document.
[2024-06-27T04:32:26.511+0000] {logging_mixin.py:188} INFO - File with name 'Phêrô_Con_Là_đá.pdf' already exists in the storage.
[2024-06-27T04:32:26.695+0000] {logging_mixin.py:188} INFO - Document with title 'ông Phêrô' already exists, updated the document.
[2024-06-27T04:32:26.817+0000] {logging_mixin.py:188} INFO - File with name 'ông_Phêrô.pdf' already exists in the storage.
[2024-06-27T04:32:27.006+0000] {logging_mixin.py:188} INFO - Document with title 'Mừng Hai Thánh Tông đồ' already exists, updated the document.
[2024-06-27T04:32:27.107+0000] {logging_mixin.py:188} INFO - File with name 'Mừng_Hai_Thánh_Tông_đồ.pdf' already exists in the storage.
[2024-06-27T04:32:27.309+0000] {logging_mixin.py:188} INFO - Document with title 'Hai Vị Tông đồ' already exists, updated the document.
[2024-06-27T04:32:27.414+0000] {logging_mixin.py:188} INFO - File with name 'Hai_Vị_Tông_đồ.pdf' already exists in the storage.
[2024-06-27T04:32:27.621+0000] {logging_mixin.py:188} INFO - Document with title 'Hai Người Tiên Phong' already exists, updated the document.
[2024-06-27T04:32:27.719+0000] {logging_mixin.py:188} INFO - File with name 'Hai_Người_Tiên_Phong.pdf' already exists in the storage.
[2024-06-27T04:32:27.914+0000] {logging_mixin.py:188} INFO - Document with title 'Ca Hiệp Lễ (Chúa Nhật tuần 13)' already exists, updated the document.
[2024-06-27T04:32:28.025+0000] {logging_mixin.py:188} INFO - File with name 'Ca_Hiệp_Lễ_(Chúa_Nhật_tuần_13).pdf' already exists in the storage.
[2024-06-27T04:32:28.228+0000] {logging_mixin.py:188} INFO - Document with title 'Ra Về An Bình' already exists, updated the document.
[2024-06-27T04:32:28.339+0000] {logging_mixin.py:188} INFO - File with name 'Ra_Về_An_Bình.pdf' already exists in the storage.
[2024-06-27T04:32:28.541+0000] {logging_mixin.py:188} INFO - Document with title 'Nếu Con Có đức Tin' already exists, updated the document.
[2024-06-27T04:32:28.646+0000] {logging_mixin.py:188} INFO - File with name 'Nếu_Con_Có_đức_Tin.pdf' already exists in the storage.
[2024-06-27T04:32:28.844+0000] {logging_mixin.py:188} INFO - Document with title 'Hiệp Dâng' already exists, updated the document.
[2024-06-27T04:32:28.948+0000] {logging_mixin.py:188} INFO - File with name 'Hiệp_Dâng.pdf' already exists in the storage.
[2024-06-27T04:32:29.139+0000] {logging_mixin.py:188} INFO - Document with title 'Tiến Vào Thánh Cung' already exists, updated the document.
[2024-06-27T04:32:29.245+0000] {logging_mixin.py:188} INFO - File with name 'Tiến_Vào_Thánh_Cung.pdf' already exists in the storage.
[2024-06-27T04:32:29.440+0000] {logging_mixin.py:188} INFO - Document with title 'Rất cần anh trên phía những vần thơ' already exists, updated the document.
[2024-06-27T04:32:29.556+0000] {logging_mixin.py:188} INFO - File with name 'Rất_cần_anh_trên_phía_những_vần_thơ.pdf' already exists in the storage.
[2024-06-27T04:32:29.764+0000] {logging_mixin.py:188} INFO - Document with title 'Xa rồi nội ơi' already exists, updated the document.
[2024-06-27T04:32:29.865+0000] {logging_mixin.py:188} INFO - File with name 'Xa_rồi_nội_ơi.pdf' already exists in the storage.
[2024-06-27T04:32:30.066+0000] {logging_mixin.py:188} INFO - Document with title 'Về đâu' already exists, updated the document.
[2024-06-27T04:32:30.180+0000] {logging_mixin.py:188} INFO - File with name 'Về_đâu.pdf' already exists in the storage.
[2024-06-27T04:32:30.371+0000] {logging_mixin.py:188} INFO - Document with title 'Dĩ vãng buồn' already exists, updated the document.
[2024-06-27T04:32:30.488+0000] {logging_mixin.py:188} INFO - File with name 'Dĩ_vãng_buồn.pdf' already exists in the storage.
[2024-06-27T04:32:30.685+0000] {logging_mixin.py:188} INFO - Document with title 'Ru lời tình bay' already exists, updated the document.
[2024-06-27T04:32:30.793+0000] {logging_mixin.py:188} INFO - File with name 'Ru_lời_tình_bay.pdf' already exists in the storage.
[2024-06-27T04:32:30.988+0000] {logging_mixin.py:188} INFO - Document with title 'Đưa em vào luân vũ' already exists, updated the document.
[2024-06-27T04:32:31.095+0000] {logging_mixin.py:188} INFO - File with name 'Đưa_em_vào_luân_vũ.pdf' already exists in the storage.
[2024-06-27T04:32:31.289+0000] {logging_mixin.py:188} INFO - Document with title 'Cho con thấy Chúa' already exists, updated the document.
[2024-06-27T04:32:31.445+0000] {logging_mixin.py:188} INFO - File with name 'Cho_con_thấy_Chúa.pdf' already exists in the storage.
[2024-06-27T04:32:31.638+0000] {logging_mixin.py:188} INFO - Document with title 'Nàng thơ xứ huế' already exists, updated the document.
[2024-06-27T04:32:31.742+0000] {logging_mixin.py:188} INFO - File with name 'Nàng_thơ_xứ_huế.pdf' already exists in the storage.
[2024-06-27T04:32:31.928+0000] {logging_mixin.py:188} INFO - Document with title 'Vinh quang Chúa' already exists, updated the document.
[2024-06-27T04:32:32.039+0000] {logging_mixin.py:188} INFO - File with name 'Vinh_quang_Chúa.pdf' already exists in the storage.
[2024-06-27T04:32:32.229+0000] {logging_mixin.py:188} INFO - Document with title 'Hương xuân' already exists, updated the document.
[2024-06-27T04:32:32.335+0000] {logging_mixin.py:188} INFO - File with name 'Hương_xuân.pdf' already exists in the storage.
[2024-06-27T04:32:32.527+0000] {logging_mixin.py:188} INFO - Document with title 'Tìm về bến giác' already exists, updated the document.
[2024-06-27T04:32:32.627+0000] {logging_mixin.py:188} INFO - File with name 'Tìm_về_bến_giác.pdf' already exists in the storage.
[2024-06-27T04:32:32.828+0000] {logging_mixin.py:188} INFO - Document with title 'Một cõi riêng tư' already exists, updated the document.
[2024-06-27T04:32:32.937+0000] {logging_mixin.py:188} INFO - File with name 'Một_cõi_riêng_tư.pdf' already exists in the storage.
[2024-06-27T04:32:33.132+0000] {logging_mixin.py:188} INFO - Document with title 'Đừng để Con đơn Hành' already exists, updated the document.
[2024-06-27T04:32:33.254+0000] {logging_mixin.py:188} INFO - File with name 'Đừng_để_Con_đơn_Hành.pdf' already exists in the storage.
[2024-06-27T04:32:33.447+0000] {logging_mixin.py:188} INFO - Document with title 'Ngài Là Ai? (Chúa Nhật 12 B)' already exists, updated the document.
[2024-06-27T04:32:33.558+0000] {logging_mixin.py:188} INFO - File with name 'Ngài_Là_Ai?_(Chúa_Nhật_12_B).pdf' already exists in the storage.
[2024-06-27T04:32:33.759+0000] {logging_mixin.py:188} INFO - Document with title 'Xin Chúa Giữ Con, Thánh Vịnh 16' already exists, updated the document.
[2024-06-27T04:32:33.860+0000] {logging_mixin.py:188} INFO - File with name 'Xin_Chúa_Giữ_Con,_Thánh_Vịnh_16.pdf' already exists in the storage.
[2024-06-27T04:32:34.064+0000] {logging_mixin.py:188} INFO - Document with title 'Chúa Vẫn Ngủ Say' already exists, updated the document.
[2024-06-27T04:32:34.161+0000] {logging_mixin.py:188} INFO - File with name 'Chúa_Vẫn_Ngủ_Say.pdf' already exists in the storage.
[2024-06-27T04:32:34.357+0000] {logging_mixin.py:188} INFO - Document with title 'Sao Sợ Hãi (Chúa Nhật 12 B)' already exists, updated the document.
[2024-06-27T04:32:34.475+0000] {logging_mixin.py:188} INFO - File with name 'Sao_Sợ_Hãi_(Chúa_Nhật_12_B).pdf' already exists in the storage.
[2024-06-27T04:32:34.668+0000] {logging_mixin.py:188} INFO - Document with title 'Biển đời Giông Tố (Chúa Nhật 12 B)' already exists, updated the document.
[2024-06-27T04:32:34.778+0000] {logging_mixin.py:188} INFO - File with name 'Biển_đời_Giông_Tố_(Chúa_Nhật_12_B).pdf' already exists in the storage.
[2024-06-27T04:32:34.987+0000] {logging_mixin.py:188} INFO - Document with title 'Hiến Lễ đời Con' already exists, updated the document.
[2024-06-27T04:32:35.106+0000] {logging_mixin.py:188} INFO - File with name 'Hiến_Lễ_đời_Con.pdf' already exists in the storage.
[2024-06-27T04:32:35.307+0000] {logging_mixin.py:188} INFO - Document with title 'Thánh Vịnh 106 Chúa Nhật 12 Thường Niên B' already exists, updated the document.
[2024-06-27T04:32:35.411+0000] {logging_mixin.py:188} INFO - File with name 'Thánh_Vịnh_106_Chúa_Nhật_12_Thường_Niên_B.pdf' already exists in the storage.
[2024-06-27T04:32:35.603+0000] {logging_mixin.py:188} INFO - Document with title 'Thánh Vịnh 106 (Chúa Nhật 12 Thường Niên B)' already exists, updated the document.
[2024-06-27T04:32:35.726+0000] {logging_mixin.py:188} INFO - File with name 'Thánh_Vịnh_106_(Chúa_Nhật_12_Thường_Niên_B).pdf' already exists in the storage.
[2024-06-27T04:32:35.911+0000] {logging_mixin.py:188} INFO - Document with title 'Chúa Chiên Nhân Lành' already exists, updated the document.
[2024-06-27T04:32:36.042+0000] {logging_mixin.py:188} INFO - File with name 'Chúa_Chiên_Nhân_Lành.pdf' already exists in the storage.
[2024-06-27T04:32:36.228+0000] {logging_mixin.py:188} INFO - Document with title 'Thánh Vịnh 27, Ca Nhập Lễ Chúa Nhật 12 Thường Niên B' already exists, updated the document.
[2024-06-27T04:32:36.327+0000] {logging_mixin.py:188} INFO - File with name 'Thánh_Vịnh_27,_Ca_Nhập_Lễ_Chúa_Nhật_12_Thường_Niên_B.pdf' already exists in the storage.
[2024-06-27T04:32:36.518+0000] {logging_mixin.py:188} INFO - Document with title 'Nắng đẹp miền Nam' already exists, updated the document.
[2024-06-27T04:32:36.634+0000] {logging_mixin.py:188} INFO - File with name 'Nắng_đẹp_miền_Nam.pdf' already exists in the storage.
[2024-06-27T04:32:36.829+0000] {logging_mixin.py:188} INFO - Document with title 'Trở lại' already exists, updated the document.
[2024-06-27T04:32:36.929+0000] {logging_mixin.py:188} INFO - File with name 'Trở_lại.pdf' already exists in the storage.
[2024-06-27T04:32:37.117+0000] {logging_mixin.py:188} INFO - Document with title 'Khi em không còn yêu tôi' already exists, updated the document.
[2024-06-27T04:32:37.214+0000] {logging_mixin.py:188} INFO - File with name 'Khi_em_không_còn_yêu_tôi.pdf' already exists in the storage.
[2024-06-27T04:32:37.397+0000] {logging_mixin.py:188} INFO - Document with title 'Yêu có về trăm năm' already exists, updated the document.
[2024-06-27T04:32:37.502+0000] {logging_mixin.py:188} INFO - File with name 'Yêu_có_về_trăm_năm.pdf' already exists in the storage.
[2024-06-27T04:32:37.692+0000] {logging_mixin.py:188} INFO - Document with title 'Mộ tình' already exists, updated the document.
[2024-06-27T04:32:37.800+0000] {logging_mixin.py:188} INFO - File with name 'Mộ_tình.pdf' already exists in the storage.
[2024-06-27T04:32:37.992+0000] {logging_mixin.py:188} INFO - Document with title 'Ngày ấy còn đâu' already exists, updated the document.
[2024-06-27T04:32:38.093+0000] {logging_mixin.py:188} INFO - File with name 'Ngày_ấy_còn_đâu.pdf' already exists in the storage.
[2024-06-27T04:32:38.285+0000] {logging_mixin.py:188} INFO - Document with title 'Sẽ có một ngày em trở về đây' already exists, updated the document.
[2024-06-27T04:32:38.391+0000] {logging_mixin.py:188} INFO - File with name 'Sẽ_có_một_ngày_em_trở_về_đây.pdf' already exists in the storage.
[2024-06-27T04:32:38.576+0000] {logging_mixin.py:188} INFO - Document with title 'Hồng trần như mộng' already exists, updated the document.
[2024-06-27T04:32:38.681+0000] {logging_mixin.py:188} INFO - File with name 'Hồng_trần_như_mộng.pdf' already exists in the storage.
[2024-06-27T04:32:38.880+0000] {logging_mixin.py:188} INFO - Document with title 'Mưa đêm' already exists, updated the document.
[2024-06-27T04:32:38.984+0000] {logging_mixin.py:188} INFO - File with name 'Mưa_đêm.pdf' already exists in the storage.
[2024-06-27T04:32:39.188+0000] {logging_mixin.py:188} INFO - Document with title 'Tuổi mình bây giờ' already exists, updated the document.
[2024-06-27T04:32:39.298+0000] {logging_mixin.py:188} INFO - File with name 'Tuổi_mình_bây_giờ.pdf' already exists in the storage.
[2024-06-27T04:32:39.492+0000] {logging_mixin.py:188} INFO - Document with title 'Thầy Chỉ Khác Ta' already exists, updated the document.
[2024-06-27T04:32:39.602+0000] {logging_mixin.py:188} INFO - File with name 'Thầy_Chỉ_Khác_Ta.pdf' already exists in the storage.
[2024-06-27T04:32:39.803+0000] {logging_mixin.py:188} INFO - Document with title 'Dòng đời ngược xuôi' already exists, updated the document.
[2024-06-27T04:32:39.915+0000] {logging_mixin.py:188} INFO - File with name 'Dòng_đời_ngược_xuôi.pdf' already exists in the storage.
[2024-06-27T04:32:40.111+0000] {logging_mixin.py:188} INFO - Document with title 'Nguyện dâng lên Chúa' already exists, updated the document.
[2024-06-27T04:32:40.218+0000] {logging_mixin.py:188} INFO - File with name 'Nguyện_dâng_lên_Chúa.pdf' already exists in the storage.
[2024-06-27T04:32:40.424+0000] {logging_mixin.py:188} INFO - Document with title 'Người gieo mầm xanh' already exists, updated the document.
[2024-06-27T04:32:40.528+0000] {logging_mixin.py:188} INFO - File with name 'Người_gieo_mầm_xanh.pdf' already exists in the storage.
[2024-06-27T04:32:40.724+0000] {logging_mixin.py:188} INFO - Document with title 'Tình khúc tháng sáu' already exists, updated the document.
[2024-06-27T04:32:40.824+0000] {logging_mixin.py:188} INFO - File with name 'Tình_khúc_tháng_sáu.pdf' already exists in the storage.
[2024-06-27T04:32:41.025+0000] {logging_mixin.py:188} INFO - Document with title 'Tình Chúa yêu con' already exists, updated the document.
[2024-06-27T04:32:41.130+0000] {logging_mixin.py:188} INFO - File with name 'Tình_Chúa_yêu_con.pdf' already exists in the storage.
[2024-06-27T04:32:41.331+0000] {logging_mixin.py:188} INFO - Document with title 'Vì ngoài Chúa ra' already exists, updated the document.
[2024-06-27T04:32:41.441+0000] {logging_mixin.py:188} INFO - File with name 'Vì_ngoài_Chúa_ra.pdf' already exists in the storage.
[2024-06-27T04:32:41.646+0000] {logging_mixin.py:188} INFO - Document with title 'Thánh vịnh 127' already exists, updated the document.
[2024-06-27T04:32:41.756+0000] {logging_mixin.py:188} INFO - File with name 'Thánh_vịnh_127.pdf' already exists in the storage.
[2024-06-27T04:32:41.952+0000] {logging_mixin.py:188} INFO - Document with title 'Thánh vịnh 129' already exists, updated the document.
[2024-06-27T04:32:42.063+0000] {logging_mixin.py:188} INFO - File with name 'Thánh_vịnh_129.pdf' already exists in the storage.
[2024-06-27T04:32:42.252+0000] {logging_mixin.py:188} INFO - Document with title 'Cảm mến ân tình' already exists, updated the document.
[2024-06-27T04:32:42.360+0000] {logging_mixin.py:188} INFO - File with name 'Cảm_mến_ân_tình.pdf' already exists in the storage.
[2024-06-27T04:32:42.558+0000] {logging_mixin.py:188} INFO - Document with title 'Trông cậy Chúa' already exists, updated the document.
[2024-06-27T04:32:42.657+0000] {logging_mixin.py:188} INFO - File with name 'Trông_cậy_Chúa.pdf' already exists in the storage.
[2024-06-27T04:32:42.851+0000] {logging_mixin.py:188} INFO - Document with title 'Con đường Chúa đã đi qua' already exists, updated the document.
[2024-06-27T04:32:42.968+0000] {logging_mixin.py:188} INFO - File with name 'Con_đường_Chúa_đã_đi_qua.pdf' already exists in the storage.
[2024-06-27T04:32:42.969+0000] {python.py:237} INFO - Done. Returned value was: None
[2024-06-27T04:32:42.970+0000] {taskinstance.py:441} INFO - ::group::Post task execution logs
[2024-06-27T04:32:42.979+0000] {taskinstance.py:1206} INFO - Marking task as SUCCESS. dag_id=etl_dag, task_id=load, run_id=manual__2024-06-27T04:31:57.440226+00:00, execution_date=20240627T043157, start_date=20240627T043223, end_date=20240627T043242
[2024-06-27T04:32:43.030+0000] {local_task_job_runner.py:240} INFO - Task exited with return code 0
[2024-06-27T04:32:43.050+0000] {taskinstance.py:3498} INFO - 0 downstream tasks scheduled from follow-on schedule check
[2024-06-27T04:32:43.052+0000] {local_task_job_runner.py:222} INFO - ::endgroup::
