[2024-06-05T17:27:37.536+0000] {local_task_job_runner.py:120} INFO - ::group::Pre task execution logs
[2024-06-05T17:27:37.565+0000] {taskinstance.py:2076} INFO - Dependencies all met for dep_context=non-requeueable deps ti=<TaskInstance: etl_dag.load manual__2024-06-05T17:27:11.566992+00:00 [queued]>
[2024-06-05T17:27:37.575+0000] {taskinstance.py:2076} INFO - Dependencies all met for dep_context=requeueable deps ti=<TaskInstance: etl_dag.load manual__2024-06-05T17:27:11.566992+00:00 [queued]>
[2024-06-05T17:27:37.576+0000] {taskinstance.py:2306} INFO - Starting attempt 1 of 2
[2024-06-05T17:27:37.593+0000] {taskinstance.py:2330} INFO - Executing <Task(PythonOperator): load> on 2024-06-05 17:27:11.566992+00:00
[2024-06-05T17:27:37.606+0000] {logging_mixin.py:188} WARNING - /home/***/.local/lib/python3.12/site-packages/***/task/task_runner/standard_task_runner.py:61 DeprecationWarning: This process (pid=1170) is multi-threaded, use of fork() may lead to deadlocks in the child.
[2024-06-05T17:27:37.608+0000] {standard_task_runner.py:63} INFO - Started process 1172 to run task
[2024-06-05T17:27:37.606+0000] {standard_task_runner.py:90} INFO - Running: ['***', 'tasks', 'run', 'etl_dag', 'load', 'manual__2024-06-05T17:27:11.566992+00:00', '--job-id', '344', '--raw', '--subdir', 'DAGS_FOLDER/etl_dag.py', '--cfg-path', '/tmp/tmpk6fa3viy']
[2024-06-05T17:27:37.609+0000] {standard_task_runner.py:91} INFO - Job 344: Subtask load
[2024-06-05T17:27:37.626+0000] {logging_mixin.py:188} WARNING - /home/***/.local/lib/python3.12/site-packages/***/settings.py:195 DeprecationWarning: The sql_alchemy_conn option in [core] has been moved to the sql_alchemy_conn option in [database] - the old setting has been used, but please update your config.
[2024-06-05T17:27:37.664+0000] {task_command.py:426} INFO - Running <TaskInstance: etl_dag.load manual__2024-06-05T17:27:11.566992+00:00 [running]> on host aa989158b36e
[2024-06-05T17:27:37.777+0000] {taskinstance.py:2648} INFO - Exporting env vars: AIRFLOW_CTX_DAG_OWNER='***' AIRFLOW_CTX_DAG_ID='etl_dag' AIRFLOW_CTX_TASK_ID='load' AIRFLOW_CTX_EXECUTION_DATE='2024-06-05T17:27:11.566992+00:00' AIRFLOW_CTX_TRY_NUMBER='1' AIRFLOW_CTX_DAG_RUN_ID='manual__2024-06-05T17:27:11.566992+00:00'
[2024-06-05T17:27:37.780+0000] {taskinstance.py:430} INFO - ::endgroup::
[2024-06-05T17:27:37.823+0000] {logging_mixin.py:188} WARNING - /home/***/.local/lib/python3.12/site-packages/google/cloud/firestore_v1/base_collection.py:302 UserWarning: Detected filter using positional arguments. Prefer using the 'filter' keyword argument instead.
[2024-06-05T17:27:38.981+0000] {logging_mixin.py:188} INFO - Document with title 'Thánh Vịnh 138 (Thánh Gioan Baotixita)' already exists, updated the document.
[2024-06-05T17:27:40.546+0000] {logging_mixin.py:188} INFO - Document with title 'Thánh Vịnh 138 (Thánh Gioan Tẩy Giả)' already exists, updated the document.
[2024-06-05T17:27:41.551+0000] {logging_mixin.py:188} INFO - Document with title 'Chúa đã Gọi Tôi' already exists, updated the document.
[2024-06-05T17:27:42.462+0000] {logging_mixin.py:188} INFO - Document with title 'Hẹn em ở lần yêu thứ 2' already exists, updated the document.
[2024-06-05T17:27:43.798+0000] {logging_mixin.py:188} INFO - Document with title 'Mưa đêm' already exists, updated the document.
[2024-06-05T17:27:44.714+0000] {logging_mixin.py:188} INFO - Document with title 'Thánh Vịnh 44 (15.8)' already exists, updated the document.
[2024-06-05T17:27:45.581+0000] {logging_mixin.py:188} INFO - Document with title 'Thánh Vịnh 44 (15.8)' already exists, updated the document.
[2024-06-05T17:27:45.670+0000] {logging_mixin.py:188} INFO - File with name 'Thánh_Vịnh_44_(15.8).pdf' already exists in the storage.
[2024-06-05T17:27:45.851+0000] {logging_mixin.py:188} INFO - Document with title 'Ca Khúc Tương Tiến (tv 44)' already exists, updated the document.
[2024-06-05T17:27:46.835+0000] {logging_mixin.py:188} INFO - Document with title 'Thánh Vịnh 44' already exists, updated the document.
[2024-06-05T17:27:47.742+0000] {logging_mixin.py:188} INFO - Document with title 'Thánh Vịnh 44 (15.8)' already exists, updated the document.
[2024-06-05T17:27:47.835+0000] {logging_mixin.py:188} INFO - File with name 'Thánh_Vịnh_44_(15.8).pdf' already exists in the storage.
[2024-06-05T17:27:48.004+0000] {logging_mixin.py:188} INFO - Document with title 'Lạy Mẹ Vô Nhiễm Nguyên Tội' already exists, updated the document.
[2024-06-05T17:27:48.886+0000] {logging_mixin.py:188} INFO - Document with title 'Về Nơi đây' already exists, updated the document.
[2024-06-05T17:27:49.812+0000] {logging_mixin.py:188} INFO - Document with title 'Nguyện Yêu Chúa' already exists, updated the document.
[2024-06-05T17:27:50.726+0000] {logging_mixin.py:188} INFO - Document with title 'Thánh Tâm Giê' already exists, updated the document.
[2024-06-05T17:27:51.543+0000] {logging_mixin.py:188} INFO - Document with title 'đến Với Trái Tim Ta' already exists, updated the document.
[2024-06-05T17:27:52.404+0000] {logging_mixin.py:188} INFO - Document with title 'Một Người Lính' already exists, updated the document.
[2024-06-05T17:27:53.296+0000] {logging_mixin.py:188} INFO - Document with title 'Hãy đến Với Ta (ttca)' already exists, updated the document.
[2024-06-05T17:27:54.179+0000] {logging_mixin.py:188} INFO - Document with title 'Về Bên Thánh Tâm' already exists, updated the document.
[2024-06-05T17:27:55.141+0000] {logging_mixin.py:188} INFO - Document with title 'ôi Tình Yêu Chúa' already exists, updated the document.
[2024-06-05T17:27:56.159+0000] {logging_mixin.py:188} INFO - Document with title 'Suối Nguồn Tình Yêu' already exists, updated the document.
[2024-06-05T17:27:57.072+0000] {logging_mixin.py:188} INFO - Document with title 'Thánh Ca ISAIA (Is 12)' already exists, updated the document.
[2024-06-05T17:27:58.498+0000] {logging_mixin.py:188} INFO - Document with title 'Internet love' already exists, updated the document.
[2024-06-05T17:27:59.575+0000] {logging_mixin.py:188} INFO - Document with title 'César và Thiên Chúa' already exists, updated the document.
[2024-06-05T17:28:00.449+0000] {logging_mixin.py:188} INFO - Document with title 'Chờ ngày lời hứa nở hoa' already exists, updated the document.
[2024-06-05T17:28:01.568+0000] {logging_mixin.py:188} INFO - Document with title 'Kinh cầu cho thế giới' already exists, updated the document.
[2024-06-05T17:28:02.386+0000] {logging_mixin.py:188} INFO - Document with title 'Tình Ngài cho con' already exists, updated the document.
[2024-06-05T17:28:03.125+0000] {logging_mixin.py:188} INFO - Document with title 'Giọt nước mắt tạ ơn' already exists, updated the document.
[2024-06-05T17:28:03.923+0000] {logging_mixin.py:188} INFO - Document with title 'Thu mãi quan san' already exists, updated the document.
[2024-06-05T17:28:04.673+0000] {logging_mixin.py:188} INFO - Document with title 'Belem ơi' already exists, updated the document.
[2024-06-05T17:28:05.373+0000] {logging_mixin.py:188} INFO - Document with title 'Giọt nắng Ban Mê' already exists, updated the document.
[2024-06-05T17:28:06.322+0000] {logging_mixin.py:188} INFO - Document with title 'Cô phòng' already exists, updated the document.
[2024-06-05T17:28:07.239+0000] {logging_mixin.py:188} INFO - Document with title 'Bài thương khó Chúa Giêsu' already exists, updated the document.
[2024-06-05T17:28:08.063+0000] {logging_mixin.py:188} INFO - Document with title 'Chúa đã thương tôi' already exists, updated the document.
[2024-06-05T17:28:08.939+0000] {logging_mixin.py:188} INFO - Document with title 'Sông đọa đày' already exists, updated the document.
[2024-06-05T17:28:09.820+0000] {logging_mixin.py:188} INFO - Document with title 'Đế vương' already exists, updated the document.
[2024-06-05T17:28:10.917+0000] {logging_mixin.py:188} INFO - Document with title 'Cảm mến ân tình' already exists, updated the document.
[2024-06-05T17:28:12.215+0000] {logging_mixin.py:188} INFO - Document with title 'Chúa chăn nuôi tôi' already exists, updated the document.
[2024-06-05T17:28:13.669+0000] {logging_mixin.py:188} INFO - Document with title 'Giai khúc dâng tiến 2' already exists, updated the document.
[2024-06-05T17:28:15.127+0000] {logging_mixin.py:188} INFO - Document with title 'Bài ca xuân tặng người' already exists, updated the document.
[2024-06-05T17:28:16.435+0000] {logging_mixin.py:188} INFO - Document with title 'Sài Gòn của em của anh' already exists, updated the document.
[2024-06-05T17:28:17.488+0000] {logging_mixin.py:188} INFO - Document with title 'Có hẹn với thanh xuân' already exists, updated the document.
[2024-06-05T17:28:19.225+0000] {logging_mixin.py:188} INFO - Document with title 'Hoài cảm' already exists, updated the document.
[2024-06-05T17:28:20.582+0000] {logging_mixin.py:188} INFO - Document with title 'Ca khúc trầm hương' already exists, updated the document.
[2024-06-05T17:28:22.364+0000] {logging_mixin.py:188} INFO - Document with title 'Bông hồng dâng Mẹ' already exists, updated the document.
[2024-06-05T17:28:23.557+0000] {logging_mixin.py:188} INFO - Document with title 'Giọt nắng bên thềm' already exists, updated the document.
[2024-06-05T17:28:24.728+0000] {logging_mixin.py:188} INFO - Document with title 'Thương ly biệt' already exists, updated the document.
[2024-06-05T17:28:25.838+0000] {logging_mixin.py:188} INFO - Document with title 'Người gieo mầm xanh' already exists, updated the document.
[2024-06-05T17:28:26.890+0000] {logging_mixin.py:188} INFO - Document with title 'Mẹ tôi' already exists, updated the document.
[2024-06-05T17:28:28.227+0000] {logging_mixin.py:188} INFO - Document with title 'Lần hẹn hò đầu tiên' already exists, updated the document.
[2024-06-05T17:28:29.170+0000] {logging_mixin.py:188} INFO - Document with title 'Để tôi ôm em bằng giai điệu này' already exists, updated the document.
[2024-06-05T17:28:30.347+0000] {logging_mixin.py:188} INFO - Document with title 'Muộn phiền' already exists, updated the document.
[2024-06-05T17:28:31.168+0000] {logging_mixin.py:188} INFO - Document with title 'Ăn năn tội mình' already exists, updated the document.
[2024-06-05T17:28:31.986+0000] {logging_mixin.py:188} INFO - Document with title 'Đêm qua em mơ gặp Bác Hồ' already exists, updated the document.
[2024-06-05T17:28:32.812+0000] {logging_mixin.py:188} INFO - Document with title 'Tiếng hát trên sông Lô' already exists, updated the document.
[2024-06-05T17:28:33.628+0000] {logging_mixin.py:188} INFO - Document with title 'Bình ca 10 (Ngày sẽ tới)' already exists, updated the document.
[2024-06-05T17:28:34.586+0000] {logging_mixin.py:188} INFO - Document with title 'Khi Jesus qua' already exists, updated the document.
[2024-06-05T17:28:35.469+0000] {logging_mixin.py:188} INFO - Document with title 'Xin như làn mây trắng' already exists, updated the document.
[2024-06-05T17:28:36.306+0000] {logging_mixin.py:188} INFO - Document with title 'Tiếng hát về đêm' already exists, updated the document.
[2024-06-05T17:28:37.326+0000] {logging_mixin.py:188} INFO - Document with title 'Bài ca hiệp hành' already exists, updated the document.
[2024-06-05T17:28:38.236+0000] {logging_mixin.py:188} INFO - Document with title 'Đất nước mình ngộ quá phải không anh?' already exists, updated the document.
[2024-06-05T17:28:39.194+0000] {python.py:237} INFO - Done. Returned value was: None
[2024-06-05T17:28:39.195+0000] {taskinstance.py:441} INFO - ::group::Post task execution logs
[2024-06-05T17:28:39.224+0000] {taskinstance.py:1206} INFO - Marking task as SUCCESS. dag_id=etl_dag, task_id=load, run_id=manual__2024-06-05T17:27:11.566992+00:00, execution_date=20240605T172711, start_date=20240605T172737, end_date=20240605T172839
[2024-06-05T17:28:39.305+0000] {local_task_job_runner.py:240} INFO - Task exited with return code 0
[2024-06-05T17:28:39.334+0000] {taskinstance.py:3498} INFO - 0 downstream tasks scheduled from follow-on schedule check
[2024-06-05T17:28:39.338+0000] {local_task_job_runner.py:222} INFO - ::endgroup::
