[2024-06-27T06:52:55.292+0000] {local_task_job_runner.py:120} INFO - ::group::Pre task execution logs
[2024-06-27T06:52:55.330+0000] {taskinstance.py:2076} INFO - Dependencies all met for dep_context=non-requeueable deps ti=<TaskInstance: etl_dag.load manual__2024-06-27T06:52:23.701961+00:00 [queued]>
[2024-06-27T06:52:55.343+0000] {taskinstance.py:2076} INFO - Dependencies all met for dep_context=requeueable deps ti=<TaskInstance: etl_dag.load manual__2024-06-27T06:52:23.701961+00:00 [queued]>
[2024-06-27T06:52:55.344+0000] {taskinstance.py:2306} INFO - Starting attempt 1 of 2
[2024-06-27T06:52:55.364+0000] {taskinstance.py:2330} INFO - Executing <Task(PythonOperator): load> on 2024-06-27 06:52:23.701961+00:00
[2024-06-27T06:52:55.387+0000] {logging_mixin.py:188} WARNING - /home/***/.local/lib/python3.12/site-packages/***/task/task_runner/standard_task_runner.py:61 DeprecationWarning: This process (pid=8063) is multi-threaded, use of fork() may lead to deadlocks in the child.
[2024-06-27T06:52:55.388+0000] {standard_task_runner.py:63} INFO - Started process 8065 to run task
[2024-06-27T06:52:55.387+0000] {standard_task_runner.py:90} INFO - Running: ['***', 'tasks', 'run', 'etl_dag', 'load', 'manual__2024-06-27T06:52:23.701961+00:00', '--job-id', '43', '--raw', '--subdir', 'DAGS_FOLDER/etl_dag.py', '--cfg-path', '/tmp/tmp7ol4vdni']
[2024-06-27T06:52:55.389+0000] {standard_task_runner.py:91} INFO - Job 43: Subtask load
[2024-06-27T06:52:55.444+0000] {task_command.py:426} INFO - Running <TaskInstance: etl_dag.load manual__2024-06-27T06:52:23.701961+00:00 [running]> on host e05dad425a09
[2024-06-27T06:52:55.553+0000] {taskinstance.py:2648} INFO - Exporting env vars: AIRFLOW_CTX_DAG_OWNER='***' AIRFLOW_CTX_DAG_ID='etl_dag' AIRFLOW_CTX_TASK_ID='load' AIRFLOW_CTX_EXECUTION_DATE='2024-06-27T06:52:23.701961+00:00' AIRFLOW_CTX_TRY_NUMBER='1' AIRFLOW_CTX_DAG_RUN_ID='manual__2024-06-27T06:52:23.701961+00:00'
[2024-06-27T06:52:55.555+0000] {taskinstance.py:430} INFO - ::endgroup::
[2024-06-27T06:52:55.591+0000] {logging_mixin.py:188} WARNING - /home/***/.local/lib/python3.12/site-packages/google/cloud/firestore_v1/base_collection.py:302 UserWarning: Detected filter using positional arguments. Prefer using the 'filter' keyword argument instead.
[2024-06-27T06:52:56.624+0000] {logging_mixin.py:188} INFO - 1
[2024-06-27T06:52:57.069+0000] {logging_mixin.py:188} INFO - File with name 'Đời_là_cát,_bụi_là_ta.pdf' already exists in the storage.
[2024-06-27T06:52:57.188+0000] {logging_mixin.py:188} INFO - 1
[2024-06-27T06:52:57.453+0000] {logging_mixin.py:188} INFO - File with name 'Thánh_Vịnh_18_(Lễ_Thánh_Phêrô_&_Phaolô).pdf' already exists in the storage.
[2024-06-27T06:52:57.562+0000] {logging_mixin.py:188} INFO - 1
[2024-06-27T06:52:57.790+0000] {logging_mixin.py:188} INFO - File with name 'Thánh_Vịnh_33_(Mừng_thánh_phêrô_&_phaolô).pdf' already exists in the storage.
[2024-06-27T06:52:57.892+0000] {logging_mixin.py:188} INFO - 1
[2024-06-27T06:52:58.117+0000] {logging_mixin.py:188} INFO - File with name 'Xin_Thánh_Cả_Phêrô.pdf' already exists in the storage.
[2024-06-27T06:52:58.223+0000] {logging_mixin.py:188} INFO - 1
[2024-06-27T06:52:58.437+0000] {logging_mixin.py:188} INFO - File with name 'Thánh_Tông_đồ.pdf' already exists in the storage.
[2024-06-27T06:52:58.541+0000] {logging_mixin.py:188} INFO - 1
[2024-06-27T06:52:58.748+0000] {logging_mixin.py:188} INFO - File with name 'Phêrô_Con_Là_đá.pdf' already exists in the storage.
[2024-06-27T06:52:58.856+0000] {logging_mixin.py:188} INFO - 1
[2024-06-27T06:52:59.060+0000] {logging_mixin.py:188} INFO - File with name 'ông_Phêrô.pdf' already exists in the storage.
[2024-06-27T06:52:59.153+0000] {logging_mixin.py:188} INFO - 1
[2024-06-27T06:52:59.380+0000] {logging_mixin.py:188} INFO - File with name 'Mừng_Hai_Thánh_Tông_đồ.pdf' already exists in the storage.
[2024-06-27T06:52:59.485+0000] {logging_mixin.py:188} INFO - 1
[2024-06-27T06:52:59.697+0000] {logging_mixin.py:188} INFO - File with name 'Hai_Vị_Tông_đồ.pdf' already exists in the storage.
[2024-06-27T06:52:59.798+0000] {logging_mixin.py:188} INFO - 1
[2024-06-27T06:52:59.994+0000] {logging_mixin.py:188} INFO - File with name 'Hai_Người_Tiên_Phong.pdf' already exists in the storage.
[2024-06-27T06:53:00.094+0000] {logging_mixin.py:188} INFO - 1
[2024-06-27T06:53:00.307+0000] {logging_mixin.py:188} INFO - File with name 'Ca_Hiệp_Lễ_(Chúa_Nhật_tuần_13).pdf' already exists in the storage.
[2024-06-27T06:53:00.396+0000] {logging_mixin.py:188} INFO - 1
[2024-06-27T06:53:00.610+0000] {logging_mixin.py:188} INFO - File with name 'Ra_Về_An_Bình.pdf' already exists in the storage.
[2024-06-27T06:53:00.700+0000] {logging_mixin.py:188} INFO - 1
[2024-06-27T06:53:00.895+0000] {logging_mixin.py:188} INFO - File with name 'Nếu_Con_Có_đức_Tin.pdf' already exists in the storage.
[2024-06-27T06:53:01.156+0000] {logging_mixin.py:188} INFO - 1
[2024-06-27T06:53:01.374+0000] {logging_mixin.py:188} INFO - File with name 'Hiệp_Dâng.pdf' already exists in the storage.
[2024-06-27T06:53:01.464+0000] {logging_mixin.py:188} INFO - 1
[2024-06-27T06:53:01.672+0000] {logging_mixin.py:188} INFO - File with name 'Tiến_Vào_Thánh_Cung.pdf' already exists in the storage.
[2024-06-27T06:53:01.765+0000] {logging_mixin.py:188} INFO - 1
[2024-06-27T06:53:01.953+0000] {logging_mixin.py:188} INFO - File with name 'Rất_cần_anh_trên_phía_những_vần_thơ.pdf' already exists in the storage.
[2024-06-27T06:53:02.041+0000] {logging_mixin.py:188} INFO - 1
[2024-06-27T06:53:02.241+0000] {logging_mixin.py:188} INFO - File with name 'Xa_rồi_nội_ơi.pdf' already exists in the storage.
[2024-06-27T06:53:02.330+0000] {logging_mixin.py:188} INFO - 1
[2024-06-27T06:53:02.525+0000] {logging_mixin.py:188} INFO - File with name 'Về_đâu.pdf' already exists in the storage.
[2024-06-27T06:53:02.623+0000] {logging_mixin.py:188} INFO - 1
[2024-06-27T06:53:02.818+0000] {logging_mixin.py:188} INFO - File with name 'Dĩ_vãng_buồn.pdf' already exists in the storage.
[2024-06-27T06:53:02.909+0000] {logging_mixin.py:188} INFO - 1
[2024-06-27T06:53:03.110+0000] {logging_mixin.py:188} INFO - File with name 'Ru_lời_tình_bay.pdf' already exists in the storage.
[2024-06-27T06:53:03.198+0000] {logging_mixin.py:188} INFO - 1
[2024-06-27T06:53:03.401+0000] {logging_mixin.py:188} INFO - File with name 'Đưa_em_vào_luân_vũ.pdf' already exists in the storage.
[2024-06-27T06:53:03.491+0000] {logging_mixin.py:188} INFO - 1
[2024-06-27T06:53:03.686+0000] {logging_mixin.py:188} INFO - File with name 'Cho_con_thấy_Chúa.pdf' already exists in the storage.
[2024-06-27T06:53:03.792+0000] {logging_mixin.py:188} INFO - 1
[2024-06-27T06:53:03.987+0000] {logging_mixin.py:188} INFO - File with name 'Nàng_thơ_xứ_huế.pdf' already exists in the storage.
[2024-06-27T06:53:04.146+0000] {logging_mixin.py:188} INFO - 1
[2024-06-27T06:53:04.350+0000] {logging_mixin.py:188} INFO - File with name 'Vinh_quang_Chúa.pdf' already exists in the storage.
[2024-06-27T06:53:04.439+0000] {logging_mixin.py:188} INFO - 1
[2024-06-27T06:53:04.635+0000] {logging_mixin.py:188} INFO - File with name 'Hương_xuân.pdf' already exists in the storage.
[2024-06-27T06:53:04.724+0000] {logging_mixin.py:188} INFO - 1
[2024-06-27T06:53:04.920+0000] {logging_mixin.py:188} INFO - File with name 'Tìm_về_bến_giác.pdf' already exists in the storage.
[2024-06-27T06:53:05.009+0000] {logging_mixin.py:188} INFO - 1
[2024-06-27T06:53:05.210+0000] {logging_mixin.py:188} INFO - File with name 'Một_cõi_riêng_tư.pdf' already exists in the storage.
[2024-06-27T06:53:05.299+0000] {logging_mixin.py:188} INFO - 1
[2024-06-27T06:53:05.511+0000] {logging_mixin.py:188} INFO - File with name 'Đừng_để_Con_đơn_Hành.pdf' already exists in the storage.
[2024-06-27T06:53:05.602+0000] {logging_mixin.py:188} INFO - 1
[2024-06-27T06:53:05.814+0000] {logging_mixin.py:188} INFO - File with name 'Ngài_Là_Ai?_(Chúa_Nhật_12_B).pdf' already exists in the storage.
[2024-06-27T06:53:05.909+0000] {logging_mixin.py:188} INFO - 1
[2024-06-27T06:53:06.160+0000] {logging_mixin.py:188} INFO - File with name 'Xin_Chúa_Giữ_Con,_Thánh_Vịnh_16.pdf' already exists in the storage.
[2024-06-27T06:53:06.250+0000] {logging_mixin.py:188} INFO - 1
[2024-06-27T06:53:06.445+0000] {logging_mixin.py:188} INFO - File with name 'Chúa_Vẫn_Ngủ_Say.pdf' already exists in the storage.
[2024-06-27T06:53:06.535+0000] {logging_mixin.py:188} INFO - 1
[2024-06-27T06:53:06.733+0000] {logging_mixin.py:188} INFO - File with name 'Sao_Sợ_Hãi_(Chúa_Nhật_12_B).pdf' already exists in the storage.
[2024-06-27T06:53:07.148+0000] {logging_mixin.py:188} INFO - 1
[2024-06-27T06:53:07.356+0000] {logging_mixin.py:188} INFO - File with name 'Biển_đời_Giông_Tố_(Chúa_Nhật_12_B).pdf' already exists in the storage.
[2024-06-27T06:53:07.452+0000] {logging_mixin.py:188} INFO - 1
[2024-06-27T06:53:07.650+0000] {logging_mixin.py:188} INFO - File with name 'Hiến_Lễ_đời_Con.pdf' already exists in the storage.
[2024-06-27T06:53:07.748+0000] {logging_mixin.py:188} INFO - 1
[2024-06-27T06:53:07.951+0000] {logging_mixin.py:188} INFO - File with name 'Thánh_Vịnh_106_Chúa_Nhật_12_Thường_Niên_B.pdf' already exists in the storage.
[2024-06-27T06:53:08.040+0000] {logging_mixin.py:188} INFO - 1
[2024-06-27T06:53:08.231+0000] {logging_mixin.py:188} INFO - File with name 'Thánh_Vịnh_106_(Chúa_Nhật_12_Thường_Niên_B).pdf' already exists in the storage.
[2024-06-27T06:53:08.322+0000] {logging_mixin.py:188} INFO - 1
[2024-06-27T06:53:08.512+0000] {logging_mixin.py:188} INFO - File with name 'Chúa_Chiên_Nhân_Lành.pdf' already exists in the storage.
[2024-06-27T06:53:08.612+0000] {logging_mixin.py:188} INFO - 1
[2024-06-27T06:53:08.811+0000] {logging_mixin.py:188} INFO - File with name 'Thánh_Vịnh_27,_Ca_Nhập_Lễ_Chúa_Nhật_12_Thường_Niên_B.pdf' already exists in the storage.
[2024-06-27T06:53:08.903+0000] {logging_mixin.py:188} INFO - 1
[2024-06-27T06:53:09.121+0000] {logging_mixin.py:188} INFO - File with name 'Nắng_đẹp_miền_Nam.pdf' already exists in the storage.
[2024-06-27T06:53:09.212+0000] {logging_mixin.py:188} INFO - 1
[2024-06-27T06:53:09.423+0000] {logging_mixin.py:188} INFO - File with name 'Trở_lại.pdf' already exists in the storage.
[2024-06-27T06:53:09.515+0000] {logging_mixin.py:188} INFO - 1
[2024-06-27T06:53:09.718+0000] {logging_mixin.py:188} INFO - File with name 'Khi_em_không_còn_yêu_tôi.pdf' already exists in the storage.
[2024-06-27T06:53:09.807+0000] {logging_mixin.py:188} INFO - 1
[2024-06-27T06:53:10.012+0000] {logging_mixin.py:188} INFO - File with name 'Yêu_có_về_trăm_năm.pdf' already exists in the storage.
[2024-06-27T06:53:10.116+0000] {logging_mixin.py:188} INFO - 1
[2024-06-27T06:53:10.334+0000] {logging_mixin.py:188} INFO - File with name 'Mộ_tình.pdf' already exists in the storage.
[2024-06-27T06:53:10.580+0000] {logging_mixin.py:188} INFO - 1
[2024-06-27T06:53:10.780+0000] {logging_mixin.py:188} INFO - File with name 'Ngày_ấy_còn_đâu.pdf' already exists in the storage.
[2024-06-27T06:53:10.879+0000] {logging_mixin.py:188} INFO - 1
[2024-06-27T06:53:11.082+0000] {logging_mixin.py:188} INFO - File with name 'Sẽ_có_một_ngày_em_trở_về_đây.pdf' already exists in the storage.
[2024-06-27T06:53:11.195+0000] {logging_mixin.py:188} INFO - 1
[2024-06-27T06:53:11.443+0000] {logging_mixin.py:188} INFO - File with name 'Hồng_trần_như_mộng.pdf' already exists in the storage.
[2024-06-27T06:53:11.731+0000] {logging_mixin.py:188} INFO - 1
[2024-06-27T06:53:11.928+0000] {logging_mixin.py:188} INFO - File with name 'Mưa_đêm.pdf' already exists in the storage.
[2024-06-27T06:53:12.018+0000] {logging_mixin.py:188} INFO - 1
[2024-06-27T06:53:12.219+0000] {logging_mixin.py:188} INFO - File with name 'Tuổi_mình_bây_giờ.pdf' already exists in the storage.
[2024-06-27T06:53:12.309+0000] {logging_mixin.py:188} INFO - 1
[2024-06-27T06:53:12.497+0000] {logging_mixin.py:188} INFO - File with name 'Thầy_Chỉ_Khác_Ta.pdf' already exists in the storage.
[2024-06-27T06:53:12.595+0000] {logging_mixin.py:188} INFO - 1
[2024-06-27T06:53:12.804+0000] {logging_mixin.py:188} INFO - File with name 'Dòng_đời_ngược_xuôi.pdf' already exists in the storage.
[2024-06-27T06:53:12.899+0000] {logging_mixin.py:188} INFO - 1
[2024-06-27T06:53:13.105+0000] {logging_mixin.py:188} INFO - File with name 'Nguyện_dâng_lên_Chúa.pdf' already exists in the storage.
[2024-06-27T06:53:13.198+0000] {logging_mixin.py:188} INFO - 1
[2024-06-27T06:53:13.399+0000] {logging_mixin.py:188} INFO - File with name 'Người_gieo_mầm_xanh.pdf' already exists in the storage.
[2024-06-27T06:53:13.488+0000] {logging_mixin.py:188} INFO - 1
[2024-06-27T06:53:13.716+0000] {logging_mixin.py:188} INFO - File with name 'Tình_khúc_tháng_sáu.pdf' already exists in the storage.
[2024-06-27T06:53:13.806+0000] {logging_mixin.py:188} INFO - 1
[2024-06-27T06:53:14.012+0000] {logging_mixin.py:188} INFO - File with name 'Tình_Chúa_yêu_con.pdf' already exists in the storage.
[2024-06-27T06:53:14.105+0000] {logging_mixin.py:188} INFO - 1
[2024-06-27T06:53:14.305+0000] {logging_mixin.py:188} INFO - File with name 'Vì_ngoài_Chúa_ra.pdf' already exists in the storage.
[2024-06-27T06:53:14.395+0000] {logging_mixin.py:188} INFO - 1
[2024-06-27T06:53:14.612+0000] {logging_mixin.py:188} INFO - File with name 'Thánh_vịnh_127.pdf' already exists in the storage.
[2024-06-27T06:53:14.839+0000] {logging_mixin.py:188} INFO - 1
[2024-06-27T06:53:15.040+0000] {logging_mixin.py:188} INFO - File with name 'Thánh_vịnh_129.pdf' already exists in the storage.
[2024-06-27T06:53:15.134+0000] {logging_mixin.py:188} INFO - 1
[2024-06-27T06:53:15.339+0000] {logging_mixin.py:188} INFO - File with name 'Cảm_mến_ân_tình.pdf' already exists in the storage.
[2024-06-27T06:53:15.432+0000] {logging_mixin.py:188} INFO - 1
[2024-06-27T06:53:15.651+0000] {logging_mixin.py:188} INFO - File with name 'Trông_cậy_Chúa.pdf' already exists in the storage.
[2024-06-27T06:53:15.741+0000] {logging_mixin.py:188} INFO - 1
[2024-06-27T06:53:15.935+0000] {logging_mixin.py:188} INFO - File with name 'Con_đường_Chúa_đã_đi_qua.pdf' already exists in the storage.
[2024-06-27T06:53:15.936+0000] {python.py:237} INFO - Done. Returned value was: None
[2024-06-27T06:53:15.936+0000] {taskinstance.py:441} INFO - ::group::Post task execution logs
[2024-06-27T06:53:15.945+0000] {taskinstance.py:1206} INFO - Marking task as SUCCESS. dag_id=etl_dag, task_id=load, run_id=manual__2024-06-27T06:52:23.701961+00:00, execution_date=20240627T065223, start_date=20240627T065255, end_date=20240627T065315
[2024-06-27T06:53:15.974+0000] {local_task_job_runner.py:240} INFO - Task exited with return code 0
[2024-06-27T06:53:15.990+0000] {taskinstance.py:3498} INFO - 0 downstream tasks scheduled from follow-on schedule check
[2024-06-27T06:53:15.992+0000] {local_task_job_runner.py:222} INFO - ::endgroup::
