[2024-06-03T03:47:34.852+0000] {local_task_job_runner.py:120} INFO - ::group::Pre task execution logs
[2024-06-03T03:47:34.879+0000] {taskinstance.py:2076} INFO - Dependencies all met for dep_context=non-requeueable deps ti=<TaskInstance: etl_dag.load manual__2024-06-03T03:47:15.022096+00:00 [queued]>
[2024-06-03T03:47:34.887+0000] {taskinstance.py:2076} INFO - Dependencies all met for dep_context=requeueable deps ti=<TaskInstance: etl_dag.load manual__2024-06-03T03:47:15.022096+00:00 [queued]>
[2024-06-03T03:47:34.888+0000] {taskinstance.py:2306} INFO - Starting attempt 1 of 2
[2024-06-03T03:47:34.902+0000] {taskinstance.py:2330} INFO - Executing <Task(PythonOperator): load> on 2024-06-03 03:47:15.022096+00:00
[2024-06-03T03:47:34.912+0000] {logging_mixin.py:188} WARNING - /home/***/.local/lib/python3.12/site-packages/***/task/task_runner/standard_task_runner.py:61 DeprecationWarning: This process (pid=913) is multi-threaded, use of fork() may lead to deadlocks in the child.
[2024-06-03T03:47:34.911+0000] {standard_task_runner.py:90} INFO - Running: ['***', 'tasks', 'run', 'etl_dag', 'load', 'manual__2024-06-03T03:47:15.022096+00:00', '--job-id', '241', '--raw', '--subdir', 'DAGS_FOLDER/etl_dag.py', '--cfg-path', '/tmp/tmp_1x5jykw']
[2024-06-03T03:47:34.913+0000] {standard_task_runner.py:63} INFO - Started process 915 to run task
[2024-06-03T03:47:34.914+0000] {standard_task_runner.py:91} INFO - Job 241: Subtask load
[2024-06-03T03:47:34.932+0000] {logging_mixin.py:188} WARNING - /home/***/.local/lib/python3.12/site-packages/***/settings.py:195 DeprecationWarning: The sql_alchemy_conn option in [core] has been moved to the sql_alchemy_conn option in [database] - the old setting has been used, but please update your config.
[2024-06-03T03:47:34.966+0000] {task_command.py:426} INFO - Running <TaskInstance: etl_dag.load manual__2024-06-03T03:47:15.022096+00:00 [running]> on host aa989158b36e
[2024-06-03T03:47:35.049+0000] {taskinstance.py:2648} INFO - Exporting env vars: AIRFLOW_CTX_DAG_OWNER='***' AIRFLOW_CTX_DAG_ID='etl_dag' AIRFLOW_CTX_TASK_ID='load' AIRFLOW_CTX_EXECUTION_DATE='2024-06-03T03:47:15.022096+00:00' AIRFLOW_CTX_TRY_NUMBER='1' AIRFLOW_CTX_DAG_RUN_ID='manual__2024-06-03T03:47:15.022096+00:00'
[2024-06-03T03:47:35.051+0000] {taskinstance.py:430} INFO - ::endgroup::
[2024-06-03T03:47:35.075+0000] {logging_mixin.py:188} WARNING - /home/***/.local/lib/python3.12/site-packages/google/cloud/firestore_v1/base_collection.py:302 UserWarning: Detected filter using positional arguments. Prefer using the 'filter' keyword argument instead.
[2024-06-03T03:47:38.185+0000] {logging_mixin.py:188} INFO - {'title': 'Giai khúc dâng tiến 2', 'author': 'Giang Tâm', 'lyrics': 'Nguyện dâng  Chúa này bánh thơm  từ lúa ngon ...', 'original_url': 'https://nhacnheo.com/images/sheet/pdf/giai-khuc-dang-tien-2-giang-tam-nhacnheo.com.pdf'}
[2024-06-03T03:47:39.437+0000] {logging_mixin.py:188} INFO - {'title': 'Mẹ tôi', 'author': 'Trần Tiến', 'lyrics': 'Có sheet Piano đệm hát....', 'original_url': 'https://nhacnheo.com/images/sheet/pdf/me-toi-tran-tien-nhacnheo.com.pdf'}
[2024-06-03T03:47:40.060+0000] {logging_mixin.py:188} INFO - {'title': 'Ăn năn tội mình', 'author': 'Lm. Thái Nguyên', 'lyrics': '1. Đừng khinh  chê kẻ có  tội mà  chi...', 'original_url': 'https://nhacnheo.com/images/sheet/pdf/an-nan-toi-minh-lm-thai-nguyen-nhacnheo.com.pdf'}
[2024-06-03T03:47:40.645+0000] {logging_mixin.py:188} INFO - {'title': 'Bình ca 10 (Ngày sẽ tới)', 'author': 'Phạm Duy', 'lyrics': 'Này  hỡi, hỡi hoà  bình !  Này  hỡi, hỡi hoà  bình !   1. Ngày sẽ  tới, biết  bao nhiêu mừng  vui  Mừng biết mấy chiến  tranh đã tàn  phai  Quê hương  ta xưa  nay đã đẹp rồi  Thêm xinh  tươi, thêm  vui, thêm tuyệt  vời !  Này  hỡi, hỡi hoà  bình ! Này  hỡi, hỡi hoà  bình !   2. Ngày lúa  mới, bước  vui phiên chợ  quê  Đường sáng chói bước  đi không ngại  gì  Trên con  đê không chôn  chông, gài mìn  Không phi  cơ bay  nghiêng con đò  xinh Này  hỡi, hỡi hoà  bình ! Này  hỡi, hỡi hoà  bình !   3. Ngày chấm  dứt chiến  tranh, vợ gặp  chồng  Ngừng tiếng súng khiến  cha mẹ gặp  con  Anh em  ta không  coi nhau là thù  Tay trong  tay tương  lai ta trùng  tu  Này  hỡi, hỡi hoà  bình ! Này  hỡi, hỡi hoà  bình !   4. Ngày sẽ  tới nước  non thôi là  hai  Ngày thống nhất, Bắc  Nam đi lại  rồi  Anh đưa  em ra  nghe Thu Hà Nội  Em đưa  anh vô  Nam coi mặt  trời  Này  hỡi, hỡi hoà  bình ! Này  hỡi, hỡi hoà  bình !   5. Ngày sẽ  tới, mỗi  khi nghe Việt  Nam  Toàn thế giới sẽ  ăn ngon ngủ  ngoan  Không nghe  thêm, nghe  thêm câu chuyện buồn  Nhưng nghe  lên nghe  lên chuyện thần  tiên Này  hỡi, hỡi hoà  bình ! Này  hỡi, hỡi hoà  bình !   6. Ngày đã  tới, cái  ta gọi là  yêu Là quí mến, chúng  ta vẫn hoài  nghi  Nhưng hôm  nay, ôm  nhau không còn ngờ  Ta yêu  nhau, thương  nhau như trẻ  thơ.  Này  hỡi, hỡi hoà  bình ! Này  hỡi, hỡi hoà  bình !', 'original_url': 'https://nhacnheo.com/images/sheet/pdf/binh-ca-10-ngay-se-toi-pham-duy-nhacnheo.com.pdf'}
[2024-06-03T03:47:42.502+0000] {logging_mixin.py:188} INFO - {'title': 'Bài thơ dâng Chúa', 'author': 'Vũ Ngọc Báu', 'lyrics': 'Con muốn  viết một bài thơ dâng Chúa ...', 'original_url': 'https://nhacnheo.com/images/sheet/pdf/bai-tho-dang-chua-vu-ngoc-bau-nhacnheo.com.pdf'}
[2024-06-03T03:47:42.926+0000] {logging_mixin.py:188} INFO - {'title': 'Tình yêu bên suối', 'author': 'Thế Song', 'lyrics': '1. Trạm biên  phòng ở lưng chừng dốc ơ  núi...', 'original_url': 'https://nhacnheo.com/images/sheet/pdf/tinh-yeu-ben-suoi-the-song-nhacnheo.com.pdf'}
[2024-06-03T03:47:43.443+0000] {logging_mixin.py:188} INFO - {'title': 'Áo trắng học trò', 'author': 'Vy Nhật Tảo', 'lyrics': '1. Này  em, cô học trò...', 'original_url': 'https://nhacnheo.com/images/sheet/pdf/ao-trang-hoc-tro-vy-nhat-tao-nhacnheo.com.pdf'}
[2024-06-03T03:47:43.905+0000] {python.py:237} INFO - Done. Returned value was: None
[2024-06-03T03:47:43.905+0000] {taskinstance.py:441} INFO - ::group::Post task execution logs
[2024-06-03T03:47:43.917+0000] {taskinstance.py:1206} INFO - Marking task as SUCCESS. dag_id=etl_dag, task_id=load, run_id=manual__2024-06-03T03:47:15.022096+00:00, execution_date=20240603T034715, start_date=20240603T034734, end_date=20240603T034743
[2024-06-03T03:47:43.967+0000] {local_task_job_runner.py:240} INFO - Task exited with return code 0
[2024-06-03T03:47:43.989+0000] {taskinstance.py:3498} INFO - 0 downstream tasks scheduled from follow-on schedule check
[2024-06-03T03:47:43.993+0000] {local_task_job_runner.py:222} INFO - ::endgroup::
