[2024-06-05T17:12:26.488+0000] {local_task_job_runner.py:120} INFO - ::group::Pre task execution logs
[2024-06-05T17:12:26.524+0000] {taskinstance.py:2076} INFO - Dependencies all met for dep_context=non-requeueable deps ti=<TaskInstance: etl_dag.load manual__2024-06-05T17:11:26.954949+00:00 [queued]>
[2024-06-05T17:12:26.534+0000] {taskinstance.py:2076} INFO - Dependencies all met for dep_context=requeueable deps ti=<TaskInstance: etl_dag.load manual__2024-06-05T17:11:26.954949+00:00 [queued]>
[2024-06-05T17:12:26.535+0000] {taskinstance.py:2306} INFO - Starting attempt 1 of 2
[2024-06-05T17:12:26.553+0000] {taskinstance.py:2330} INFO - Executing <Task(PythonOperator): load> on 2024-06-05 17:11:26.954949+00:00
[2024-06-05T17:12:26.575+0000] {logging_mixin.py:188} WARNING - /home/***/.local/lib/python3.12/site-packages/***/task/task_runner/standard_task_runner.py:61 DeprecationWarning: This process (pid=784) is multi-threaded, use of fork() may lead to deadlocks in the child.
[2024-06-05T17:12:26.577+0000] {standard_task_runner.py:63} INFO - Started process 790 to run task
[2024-06-05T17:12:26.575+0000] {standard_task_runner.py:90} INFO - Running: ['***', 'tasks', 'run', 'etl_dag', 'load', 'manual__2024-06-05T17:11:26.954949+00:00', '--job-id', '341', '--raw', '--subdir', 'DAGS_FOLDER/etl_dag.py', '--cfg-path', '/tmp/tmpyrf05zkv']
[2024-06-05T17:12:26.578+0000] {standard_task_runner.py:91} INFO - Job 341: Subtask load
[2024-06-05T17:12:26.597+0000] {logging_mixin.py:188} WARNING - /home/***/.local/lib/python3.12/site-packages/***/settings.py:195 DeprecationWarning: The sql_alchemy_conn option in [core] has been moved to the sql_alchemy_conn option in [database] - the old setting has been used, but please update your config.
[2024-06-05T17:12:26.636+0000] {task_command.py:426} INFO - Running <TaskInstance: etl_dag.load manual__2024-06-05T17:11:26.954949+00:00 [running]> on host aa989158b36e
[2024-06-05T17:12:26.733+0000] {taskinstance.py:2648} INFO - Exporting env vars: AIRFLOW_CTX_DAG_OWNER='***' AIRFLOW_CTX_DAG_ID='etl_dag' AIRFLOW_CTX_TASK_ID='load' AIRFLOW_CTX_EXECUTION_DATE='2024-06-05T17:11:26.954949+00:00' AIRFLOW_CTX_TRY_NUMBER='1' AIRFLOW_CTX_DAG_RUN_ID='manual__2024-06-05T17:11:26.954949+00:00'
[2024-06-05T17:12:26.735+0000] {taskinstance.py:430} INFO - ::endgroup::
[2024-06-05T17:12:26.773+0000] {logging_mixin.py:188} WARNING - /home/***/.local/lib/python3.12/site-packages/google/cloud/firestore_v1/base_collection.py:302 UserWarning: Detected filter using positional arguments. Prefer using the 'filter' keyword argument instead.
[2024-06-05T17:12:27.967+0000] {logging_mixin.py:188} INFO - Document with title 'Thánh Vịnh 138 (Thánh Gioan Baotixita)' already exists, updated the document.
[2024-06-05T17:12:30.393+0000] {logging_mixin.py:188} INFO - Document with title 'Thánh Vịnh 138 (Thánh Gioan Tẩy Giả)' already exists, updated the document.
[2024-06-05T17:12:32.613+0000] {logging_mixin.py:188} INFO - Document with title 'Chúa đã Gọi Tôi' already exists, updated the document.
[2024-06-05T17:12:33.919+0000] {logging_mixin.py:188} INFO - Document with title 'Hẹn em ở lần yêu thứ 2' already exists, updated the document.
[2024-06-05T17:12:41.651+0000] {logging_mixin.py:188} INFO - Document with title 'Mưa đêm' already exists, updated the document.
[2024-06-05T17:12:43.699+0000] {logging_mixin.py:188} INFO - Document with title 'Thánh Vịnh 44 (15.8)' already exists, updated the document.
[2024-06-05T17:12:45.068+0000] {logging_mixin.py:188} INFO - Document with title 'Thánh Vịnh 44 (15.8)' already exists, updated the document.
[2024-06-05T17:12:47.158+0000] {logging_mixin.py:188} INFO - Document with title 'Ca Khúc Tương Tiến (tv 44)' already exists, updated the document.
[2024-06-05T17:12:48.994+0000] {logging_mixin.py:188} INFO - Document with title 'Thánh Vịnh 44' already exists, updated the document.
[2024-06-05T17:12:50.403+0000] {logging_mixin.py:188} INFO - Document with title 'Thánh Vịnh 44 (15.8)' already exists, updated the document.
[2024-06-05T17:12:51.469+0000] {logging_mixin.py:188} INFO - Document with title 'Lạy Mẹ Vô Nhiễm Nguyên Tội' already exists, updated the document.
[2024-06-05T17:12:52.654+0000] {logging_mixin.py:188} INFO - Document with title 'Về Nơi đây' already exists, updated the document.
[2024-06-05T17:12:53.891+0000] {logging_mixin.py:188} INFO - Document with title 'Nguyện Yêu Chúa' already exists, updated the document.
[2024-06-05T17:12:54.969+0000] {logging_mixin.py:188} INFO - Document with title 'Thánh Tâm Giê' already exists, updated the document.
[2024-06-05T17:12:55.957+0000] {logging_mixin.py:188} INFO - Document with title 'đến Với Trái Tim Ta' already exists, updated the document.
[2024-06-05T17:12:57.165+0000] {logging_mixin.py:188} INFO - Document with title 'Một Người Lính' already exists, updated the document.
[2024-06-05T17:12:59.096+0000] {logging_mixin.py:188} INFO - Document with title 'Hãy đến Với Ta (ttca)' already exists, updated the document.
[2024-06-05T17:13:00.776+0000] {logging_mixin.py:188} INFO - Document with title 'Về Bên Thánh Tâm' already exists, updated the document.
[2024-06-05T17:13:01.931+0000] {logging_mixin.py:188} INFO - Document with title 'ôi Tình Yêu Chúa' already exists, updated the document.
[2024-06-05T17:13:03.605+0000] {logging_mixin.py:188} INFO - Document with title 'Suối Nguồn Tình Yêu' already exists, updated the document.
[2024-06-05T17:13:04.917+0000] {logging_mixin.py:188} INFO - Document with title 'Thánh Ca ISAIA (Is 12)' already exists, updated the document.
[2024-06-05T17:13:15.927+0000] {logging_mixin.py:188} INFO - Document with title 'Internet love' already exists, updated the document.
[2024-06-05T17:13:23.592+0000] {logging_mixin.py:188} INFO - Document with title 'César và Thiên Chúa' already exists, updated the document.
[2024-06-05T17:13:24.631+0000] {logging_mixin.py:188} INFO - Document with title 'Chờ ngày lời hứa nở hoa' already exists, updated the document.
[2024-06-05T17:13:27.341+0000] {logging_mixin.py:188} INFO - Document with title 'Kinh cầu cho thế giới' already exists, updated the document.
[2024-06-05T17:13:28.591+0000] {logging_mixin.py:188} INFO - Document with title 'Tình Ngài cho con' already exists, updated the document.
[2024-06-05T17:13:30.022+0000] {logging_mixin.py:188} INFO - Document with title 'Giọt nước mắt tạ ơn' already exists, updated the document.
[2024-06-05T17:13:31.048+0000] {logging_mixin.py:188} INFO - Document with title 'Thu mãi quan san' already exists, updated the document.
[2024-06-05T17:13:32.561+0000] {logging_mixin.py:188} INFO - Document with title 'Belem ơi' already exists, updated the document.
[2024-06-05T17:13:33.588+0000] {logging_mixin.py:188} INFO - Document with title 'Giọt nắng Ban Mê' already exists, updated the document.
[2024-06-05T17:13:35.824+0000] {logging_mixin.py:188} INFO - Document with title 'Cô phòng' already exists, updated the document.
[2024-06-05T17:13:38.711+0000] {logging_mixin.py:188} INFO - Document with title 'Bài thương khó Chúa Giêsu' already exists, updated the document.
[2024-06-05T17:13:40.156+0000] {logging_mixin.py:188} INFO - Document with title 'Chúa đã thương tôi' already exists, updated the document.
[2024-06-05T17:13:41.756+0000] {logging_mixin.py:188} INFO - Document with title 'Sông đọa đày' already exists, updated the document.
[2024-06-05T17:13:44.561+0000] {logging_mixin.py:188} INFO - Document with title 'Đế vương' already exists, updated the document.
[2024-06-05T17:13:52.432+0000] {logging_mixin.py:188} INFO - Document with title 'Cảm mến ân tình' already exists, updated the document.
[2024-06-05T17:14:04.594+0000] {logging_mixin.py:188} INFO - Document with title 'Chúa chăn nuôi tôi' already exists, updated the document.
[2024-06-05T17:14:08.699+0000] {logging_mixin.py:188} INFO - Document with title 'Giai khúc dâng tiến 2' already exists, updated the document.
[2024-06-05T17:14:14.139+0000] {logging_mixin.py:188} INFO - Document with title 'Bài ca xuân tặng người' already exists, updated the document.
[2024-06-05T17:14:16.303+0000] {logging_mixin.py:188} INFO - Document with title 'Sài Gòn của em của anh' already exists, updated the document.
[2024-06-05T17:14:17.382+0000] {logging_mixin.py:188} INFO - Document with title 'Có hẹn với thanh xuân' already exists, updated the document.
[2024-06-05T17:14:29.542+0000] {logging_mixin.py:188} INFO - Document with title 'Hoài cảm' already exists, updated the document.
[2024-06-05T17:14:37.040+0000] {logging_mixin.py:188} INFO - Document with title 'Ca khúc trầm hương' already exists, updated the document.
[2024-06-05T17:14:50.289+0000] {logging_mixin.py:188} INFO - Document with title 'Bông hồng dâng Mẹ' already exists, updated the document.
[2024-06-05T17:14:56.035+0000] {logging_mixin.py:188} INFO - Document with title 'Giọt nắng bên thềm' already exists, updated the document.
[2024-06-05T17:14:59.866+0000] {logging_mixin.py:188} INFO - Document with title 'Thương ly biệt' already exists, updated the document.
[2024-06-05T17:15:02.591+0000] {logging_mixin.py:188} INFO - Document with title 'Người gieo mầm xanh' already exists, updated the document.
[2024-06-05T17:15:06.479+0000] {logging_mixin.py:188} INFO - Document with title 'Mẹ tôi' already exists, updated the document.
[2024-06-05T17:15:12.418+0000] {logging_mixin.py:188} INFO - Document with title 'Lần hẹn hò đầu tiên' already exists, updated the document.
[2024-06-05T17:15:14.266+0000] {logging_mixin.py:188} INFO - Document with title 'Để tôi ôm em bằng giai điệu này' already exists, updated the document.
[2024-06-05T17:15:19.630+0000] {logging_mixin.py:188} INFO - Document with title 'Muộn phiền' already exists, updated the document.
[2024-06-05T17:15:20.595+0000] {logging_mixin.py:188} INFO - Document with title 'Ăn năn tội mình' already exists, updated the document.
[2024-06-05T17:15:21.636+0000] {logging_mixin.py:188} INFO - Document with title 'Đêm qua em mơ gặp Bác Hồ' already exists, updated the document.
[2024-06-05T17:15:22.807+0000] {logging_mixin.py:188} INFO - Document with title 'Tiếng hát trên sông Lô' already exists, updated the document.
[2024-06-05T17:15:24.560+0000] {logging_mixin.py:188} INFO - Document with title 'Bình ca 10 (Ngày sẽ tới)' already exists, updated the document.
[2024-06-05T17:15:26.346+0000] {logging_mixin.py:188} INFO - Document with title 'Khi Jesus qua' already exists, updated the document.
[2024-06-05T17:15:27.372+0000] {logging_mixin.py:188} INFO - Document with title 'Xin như làn mây trắng' already exists, updated the document.
[2024-06-05T17:15:28.432+0000] {logging_mixin.py:188} INFO - Document with title 'Tiếng hát về đêm' already exists, updated the document.
[2024-06-05T17:15:31.296+0000] {logging_mixin.py:188} INFO - Document with title 'Bài ca hiệp hành' already exists, updated the document.
[2024-06-05T17:15:32.328+0000] {logging_mixin.py:188} INFO - Document with title 'Đất nước mình ngộ quá phải không anh?' already exists, updated the document.
[2024-06-05T17:15:34.514+0000] {python.py:237} INFO - Done. Returned value was: None
[2024-06-05T17:15:34.522+0000] {taskinstance.py:441} INFO - ::group::Post task execution logs
[2024-06-05T17:15:34.775+0000] {taskinstance.py:1206} INFO - Marking task as SUCCESS. dag_id=etl_dag, task_id=load, run_id=manual__2024-06-05T17:11:26.954949+00:00, execution_date=20240605T171126, start_date=20240605T171226, end_date=20240605T171534
[2024-06-05T17:15:34.936+0000] {local_task_job_runner.py:240} INFO - Task exited with return code 0
[2024-06-05T17:15:35.111+0000] {taskinstance.py:3498} INFO - 0 downstream tasks scheduled from follow-on schedule check
[2024-06-05T17:15:35.115+0000] {local_task_job_runner.py:222} INFO - ::endgroup::
