[2024-06-21T01:48:58.623+0000] {processor.py:161} INFO - Started process (PID=174) to work on /opt/airflow/dags/etl_dag.py
[2024-06-21T01:48:58.625+0000] {processor.py:830} INFO - Processing file /opt/airflow/dags/etl_dag.py for tasks to queue
[2024-06-21T01:48:58.627+0000] {logging_mixin.py:188} INFO - [2024-06-21T01:48:58.627+0000] {dagbag.py:545} INFO - Filling up the DagBag from /opt/airflow/dags/etl_dag.py
[2024-06-21T01:49:00.994+0000] {processor.py:840} INFO - DAG(s) 'etl_dag' retrieved from /opt/airflow/dags/etl_dag.py
[2024-06-21T01:49:01.205+0000] {logging_mixin.py:188} INFO - [2024-06-21T01:49:01.205+0000] {dag.py:3096} INFO - Sync 1 DAGs
[2024-06-21T01:49:01.233+0000] {logging_mixin.py:188} INFO - [2024-06-21T01:49:01.233+0000] {dag.py:3954} INFO - Setting next_dagrun for etl_dag to 2024-06-21 01:49:00.981145+00:00, run_after=2024-06-22 01:49:00.981145+00:00
[2024-06-21T01:49:01.257+0000] {processor.py:183} INFO - Processing /opt/airflow/dags/etl_dag.py took 2.646 seconds
[2024-06-21T13:55:51.849+0000] {processor.py:161} INFO - Started process (PID=174) to work on /opt/airflow/dags/etl_dag.py
[2024-06-21T13:55:51.852+0000] {processor.py:830} INFO - Processing file /opt/airflow/dags/etl_dag.py for tasks to queue
[2024-06-21T13:55:51.870+0000] {logging_mixin.py:188} INFO - [2024-06-21T13:55:51.869+0000] {dagbag.py:545} INFO - Filling up the DagBag from /opt/airflow/dags/etl_dag.py
[2024-06-21T13:55:56.011+0000] {processor.py:840} INFO - DAG(s) 'etl_dag' retrieved from /opt/airflow/dags/etl_dag.py
[2024-06-21T13:55:56.436+0000] {logging_mixin.py:188} INFO - [2024-06-21T13:55:56.435+0000] {dag.py:3096} INFO - Sync 1 DAGs
[2024-06-21T13:55:56.573+0000] {logging_mixin.py:188} INFO - [2024-06-21T13:55:56.572+0000] {dag.py:3954} INFO - Setting next_dagrun for etl_dag to 2024-06-21 13:55:55.919715+00:00, run_after=2024-06-22 13:55:55.919715+00:00
[2024-06-21T13:55:56.610+0000] {processor.py:183} INFO - Processing /opt/airflow/dags/etl_dag.py took 4.995 seconds
[2024-06-21T13:56:26.929+0000] {processor.py:161} INFO - Started process (PID=192) to work on /opt/airflow/dags/etl_dag.py
[2024-06-21T13:56:26.930+0000] {processor.py:830} INFO - Processing file /opt/airflow/dags/etl_dag.py for tasks to queue
[2024-06-21T13:56:26.936+0000] {logging_mixin.py:188} INFO - [2024-06-21T13:56:26.934+0000] {dagbag.py:545} INFO - Filling up the DagBag from /opt/airflow/dags/etl_dag.py
[2024-06-21T13:56:28.512+0000] {processor.py:840} INFO - DAG(s) 'etl_dag' retrieved from /opt/airflow/dags/etl_dag.py
[2024-06-21T13:56:28.645+0000] {logging_mixin.py:188} INFO - [2024-06-21T13:56:28.645+0000] {dag.py:3096} INFO - Sync 1 DAGs
[2024-06-21T13:56:28.665+0000] {logging_mixin.py:188} INFO - [2024-06-21T13:56:28.665+0000] {dag.py:3954} INFO - Setting next_dagrun for etl_dag to 2024-06-21 13:56:28.503405+00:00, run_after=2024-06-22 13:56:28.503405+00:00
[2024-06-21T13:56:28.688+0000] {processor.py:183} INFO - Processing /opt/airflow/dags/etl_dag.py took 1.772 seconds
[2024-06-21T13:56:58.996+0000] {processor.py:161} INFO - Started process (PID=204) to work on /opt/airflow/dags/etl_dag.py
[2024-06-21T13:56:58.997+0000] {processor.py:830} INFO - Processing file /opt/airflow/dags/etl_dag.py for tasks to queue
[2024-06-21T13:56:59.009+0000] {logging_mixin.py:188} INFO - [2024-06-21T13:56:58.999+0000] {dagbag.py:545} INFO - Filling up the DagBag from /opt/airflow/dags/etl_dag.py
[2024-06-21T13:56:59.962+0000] {processor.py:840} INFO - DAG(s) 'etl_dag' retrieved from /opt/airflow/dags/etl_dag.py
[2024-06-21T13:57:00.131+0000] {logging_mixin.py:188} INFO - [2024-06-21T13:57:00.130+0000] {dag.py:3096} INFO - Sync 1 DAGs
[2024-06-21T13:57:00.160+0000] {logging_mixin.py:188} INFO - [2024-06-21T13:57:00.160+0000] {dag.py:3954} INFO - Setting next_dagrun for etl_dag to 2024-06-21 13:56:59.944527+00:00, run_after=2024-06-22 13:56:59.944527+00:00
[2024-06-21T13:57:00.186+0000] {processor.py:183} INFO - Processing /opt/airflow/dags/etl_dag.py took 1.200 seconds
[2024-06-21T13:57:30.396+0000] {processor.py:161} INFO - Started process (PID=216) to work on /opt/airflow/dags/etl_dag.py
[2024-06-21T13:57:30.397+0000] {processor.py:830} INFO - Processing file /opt/airflow/dags/etl_dag.py for tasks to queue
[2024-06-21T13:57:30.399+0000] {logging_mixin.py:188} INFO - [2024-06-21T13:57:30.399+0000] {dagbag.py:545} INFO - Filling up the DagBag from /opt/airflow/dags/etl_dag.py
[2024-06-21T13:57:31.144+0000] {processor.py:840} INFO - DAG(s) 'etl_dag' retrieved from /opt/airflow/dags/etl_dag.py
[2024-06-21T13:57:31.248+0000] {logging_mixin.py:188} INFO - [2024-06-21T13:57:31.247+0000] {dag.py:3096} INFO - Sync 1 DAGs
[2024-06-21T13:57:31.266+0000] {logging_mixin.py:188} INFO - [2024-06-21T13:57:31.266+0000] {dag.py:3954} INFO - Setting next_dagrun for etl_dag to 2024-06-21 13:57:31.140182+00:00, run_after=2024-06-22 13:57:31.140182+00:00
[2024-06-21T13:57:31.285+0000] {processor.py:183} INFO - Processing /opt/airflow/dags/etl_dag.py took 0.894 seconds
[2024-06-21T13:58:01.551+0000] {processor.py:161} INFO - Started process (PID=228) to work on /opt/airflow/dags/etl_dag.py
[2024-06-21T13:58:01.552+0000] {processor.py:830} INFO - Processing file /opt/airflow/dags/etl_dag.py for tasks to queue
[2024-06-21T13:58:01.554+0000] {logging_mixin.py:188} INFO - [2024-06-21T13:58:01.554+0000] {dagbag.py:545} INFO - Filling up the DagBag from /opt/airflow/dags/etl_dag.py
[2024-06-21T13:58:02.334+0000] {processor.py:840} INFO - DAG(s) 'etl_dag' retrieved from /opt/airflow/dags/etl_dag.py
[2024-06-21T13:58:02.435+0000] {logging_mixin.py:188} INFO - [2024-06-21T13:58:02.435+0000] {dag.py:3096} INFO - Sync 1 DAGs
[2024-06-21T13:58:02.456+0000] {logging_mixin.py:188} INFO - [2024-06-21T13:58:02.456+0000] {dag.py:3954} INFO - Setting next_dagrun for etl_dag to 2024-06-21 13:58:02.329763+00:00, run_after=2024-06-22 13:58:02.329763+00:00
[2024-06-21T13:58:02.480+0000] {processor.py:183} INFO - Processing /opt/airflow/dags/etl_dag.py took 0.935 seconds
[2024-06-21T13:58:32.769+0000] {processor.py:161} INFO - Started process (PID=240) to work on /opt/airflow/dags/etl_dag.py
[2024-06-21T13:58:32.771+0000] {processor.py:830} INFO - Processing file /opt/airflow/dags/etl_dag.py for tasks to queue
[2024-06-21T13:58:32.773+0000] {logging_mixin.py:188} INFO - [2024-06-21T13:58:32.773+0000] {dagbag.py:545} INFO - Filling up the DagBag from /opt/airflow/dags/etl_dag.py
[2024-06-21T13:58:33.409+0000] {processor.py:840} INFO - DAG(s) 'etl_dag' retrieved from /opt/airflow/dags/etl_dag.py
[2024-06-21T13:58:33.494+0000] {logging_mixin.py:188} INFO - [2024-06-21T13:58:33.493+0000] {dag.py:3096} INFO - Sync 1 DAGs
[2024-06-21T13:58:33.512+0000] {logging_mixin.py:188} INFO - [2024-06-21T13:58:33.512+0000] {dag.py:3954} INFO - Setting next_dagrun for etl_dag to 2024-06-21 13:58:33.405537+00:00, run_after=2024-06-22 13:58:33.405537+00:00
[2024-06-21T13:58:33.538+0000] {processor.py:183} INFO - Processing /opt/airflow/dags/etl_dag.py took 0.773 seconds
[2024-06-21T13:59:03.848+0000] {processor.py:161} INFO - Started process (PID=252) to work on /opt/airflow/dags/etl_dag.py
[2024-06-21T13:59:03.849+0000] {processor.py:830} INFO - Processing file /opt/airflow/dags/etl_dag.py for tasks to queue
[2024-06-21T13:59:03.851+0000] {logging_mixin.py:188} INFO - [2024-06-21T13:59:03.851+0000] {dagbag.py:545} INFO - Filling up the DagBag from /opt/airflow/dags/etl_dag.py
[2024-06-21T13:59:04.444+0000] {processor.py:840} INFO - DAG(s) 'etl_dag' retrieved from /opt/airflow/dags/etl_dag.py
[2024-06-21T13:59:04.539+0000] {logging_mixin.py:188} INFO - [2024-06-21T13:59:04.538+0000] {dag.py:3096} INFO - Sync 1 DAGs
[2024-06-21T13:59:04.557+0000] {logging_mixin.py:188} INFO - [2024-06-21T13:59:04.557+0000] {dag.py:3954} INFO - Setting next_dagrun for etl_dag to 2024-06-21 13:59:04.440523+00:00, run_after=2024-06-22 13:59:04.440523+00:00
[2024-06-21T13:59:04.582+0000] {processor.py:183} INFO - Processing /opt/airflow/dags/etl_dag.py took 0.741 seconds
[2024-06-21T13:59:34.893+0000] {processor.py:161} INFO - Started process (PID=264) to work on /opt/airflow/dags/etl_dag.py
[2024-06-21T13:59:34.894+0000] {processor.py:830} INFO - Processing file /opt/airflow/dags/etl_dag.py for tasks to queue
[2024-06-21T13:59:34.897+0000] {logging_mixin.py:188} INFO - [2024-06-21T13:59:34.896+0000] {dagbag.py:545} INFO - Filling up the DagBag from /opt/airflow/dags/etl_dag.py
[2024-06-21T13:59:35.514+0000] {processor.py:840} INFO - DAG(s) 'etl_dag' retrieved from /opt/airflow/dags/etl_dag.py
[2024-06-21T13:59:35.601+0000] {logging_mixin.py:188} INFO - [2024-06-21T13:59:35.600+0000] {dag.py:3096} INFO - Sync 1 DAGs
[2024-06-21T13:59:35.617+0000] {logging_mixin.py:188} INFO - [2024-06-21T13:59:35.616+0000] {dag.py:3954} INFO - Setting next_dagrun for etl_dag to 2024-06-21 13:59:35.509876+00:00, run_after=2024-06-22 13:59:35.509876+00:00
[2024-06-21T13:59:35.639+0000] {processor.py:183} INFO - Processing /opt/airflow/dags/etl_dag.py took 0.752 seconds
[2024-06-21T14:00:05.950+0000] {processor.py:161} INFO - Started process (PID=276) to work on /opt/airflow/dags/etl_dag.py
[2024-06-21T14:00:05.951+0000] {processor.py:830} INFO - Processing file /opt/airflow/dags/etl_dag.py for tasks to queue
[2024-06-21T14:00:05.954+0000] {logging_mixin.py:188} INFO - [2024-06-21T14:00:05.953+0000] {dagbag.py:545} INFO - Filling up the DagBag from /opt/airflow/dags/etl_dag.py
[2024-06-21T14:00:06.630+0000] {processor.py:840} INFO - DAG(s) 'etl_dag' retrieved from /opt/airflow/dags/etl_dag.py
[2024-06-21T14:00:06.712+0000] {logging_mixin.py:188} INFO - [2024-06-21T14:00:06.712+0000] {dag.py:3096} INFO - Sync 1 DAGs
[2024-06-21T14:00:06.728+0000] {logging_mixin.py:188} INFO - [2024-06-21T14:00:06.728+0000] {dag.py:3954} INFO - Setting next_dagrun for etl_dag to 2024-06-21 14:00:06.625097+00:00, run_after=2024-06-22 14:00:06.625097+00:00
[2024-06-21T14:00:06.755+0000] {processor.py:183} INFO - Processing /opt/airflow/dags/etl_dag.py took 0.814 seconds
[2024-06-21T14:00:37.054+0000] {processor.py:161} INFO - Started process (PID=288) to work on /opt/airflow/dags/etl_dag.py
[2024-06-21T14:00:37.056+0000] {processor.py:830} INFO - Processing file /opt/airflow/dags/etl_dag.py for tasks to queue
[2024-06-21T14:00:37.058+0000] {logging_mixin.py:188} INFO - [2024-06-21T14:00:37.058+0000] {dagbag.py:545} INFO - Filling up the DagBag from /opt/airflow/dags/etl_dag.py
[2024-06-21T14:00:37.697+0000] {processor.py:840} INFO - DAG(s) 'etl_dag' retrieved from /opt/airflow/dags/etl_dag.py
[2024-06-21T14:00:37.797+0000] {logging_mixin.py:188} INFO - [2024-06-21T14:00:37.796+0000] {dag.py:3096} INFO - Sync 1 DAGs
[2024-06-21T14:00:37.814+0000] {logging_mixin.py:188} INFO - [2024-06-21T14:00:37.814+0000] {dag.py:3954} INFO - Setting next_dagrun for etl_dag to 2024-06-21 14:00:37.691334+00:00, run_after=2024-06-22 14:00:37.691334+00:00
[2024-06-21T14:00:37.835+0000] {processor.py:183} INFO - Processing /opt/airflow/dags/etl_dag.py took 0.786 seconds
[2024-06-21T14:01:08.002+0000] {processor.py:161} INFO - Started process (PID=300) to work on /opt/airflow/dags/etl_dag.py
[2024-06-21T14:01:08.003+0000] {processor.py:830} INFO - Processing file /opt/airflow/dags/etl_dag.py for tasks to queue
[2024-06-21T14:01:08.004+0000] {logging_mixin.py:188} INFO - [2024-06-21T14:01:08.004+0000] {dagbag.py:545} INFO - Filling up the DagBag from /opt/airflow/dags/etl_dag.py
[2024-06-21T14:01:08.591+0000] {processor.py:840} INFO - DAG(s) 'etl_dag' retrieved from /opt/airflow/dags/etl_dag.py
[2024-06-21T14:01:08.670+0000] {logging_mixin.py:188} INFO - [2024-06-21T14:01:08.670+0000] {dag.py:3096} INFO - Sync 1 DAGs
[2024-06-21T14:01:08.688+0000] {logging_mixin.py:188} INFO - [2024-06-21T14:01:08.688+0000] {dag.py:3954} INFO - Setting next_dagrun for etl_dag to 2024-06-21 14:01:08.587031+00:00, run_after=2024-06-22 14:01:08.587031+00:00
[2024-06-21T14:01:08.710+0000] {processor.py:183} INFO - Processing /opt/airflow/dags/etl_dag.py took 0.714 seconds
[2024-06-21T14:01:39.033+0000] {processor.py:161} INFO - Started process (PID=312) to work on /opt/airflow/dags/etl_dag.py
[2024-06-21T14:01:39.035+0000] {processor.py:830} INFO - Processing file /opt/airflow/dags/etl_dag.py for tasks to queue
[2024-06-21T14:01:39.037+0000] {logging_mixin.py:188} INFO - [2024-06-21T14:01:39.037+0000] {dagbag.py:545} INFO - Filling up the DagBag from /opt/airflow/dags/etl_dag.py
[2024-06-21T14:01:39.831+0000] {processor.py:840} INFO - DAG(s) 'etl_dag' retrieved from /opt/airflow/dags/etl_dag.py
[2024-06-21T14:01:39.922+0000] {logging_mixin.py:188} INFO - [2024-06-21T14:01:39.921+0000] {dag.py:3096} INFO - Sync 1 DAGs
[2024-06-21T14:01:39.942+0000] {logging_mixin.py:188} INFO - [2024-06-21T14:01:39.942+0000] {dag.py:3954} INFO - Setting next_dagrun for etl_dag to 2024-06-21 14:01:39.825245+00:00, run_after=2024-06-22 14:01:39.825245+00:00
[2024-06-21T14:01:39.964+0000] {processor.py:183} INFO - Processing /opt/airflow/dags/etl_dag.py took 0.936 seconds
[2024-06-21T14:02:10.265+0000] {processor.py:161} INFO - Started process (PID=324) to work on /opt/airflow/dags/etl_dag.py
[2024-06-21T14:02:10.267+0000] {processor.py:830} INFO - Processing file /opt/airflow/dags/etl_dag.py for tasks to queue
[2024-06-21T14:02:10.269+0000] {logging_mixin.py:188} INFO - [2024-06-21T14:02:10.268+0000] {dagbag.py:545} INFO - Filling up the DagBag from /opt/airflow/dags/etl_dag.py
[2024-06-21T14:02:10.928+0000] {processor.py:840} INFO - DAG(s) 'etl_dag' retrieved from /opt/airflow/dags/etl_dag.py
[2024-06-21T14:02:11.011+0000] {logging_mixin.py:188} INFO - [2024-06-21T14:02:11.010+0000] {dag.py:3096} INFO - Sync 1 DAGs
[2024-06-21T14:02:11.027+0000] {logging_mixin.py:188} INFO - [2024-06-21T14:02:11.027+0000] {dag.py:3954} INFO - Setting next_dagrun for etl_dag to 2024-06-21 14:02:10.924606+00:00, run_after=2024-06-22 14:02:10.924606+00:00
[2024-06-21T14:02:11.053+0000] {processor.py:183} INFO - Processing /opt/airflow/dags/etl_dag.py took 0.793 seconds
[2024-06-21T14:02:41.329+0000] {processor.py:161} INFO - Started process (PID=336) to work on /opt/airflow/dags/etl_dag.py
[2024-06-21T14:02:41.330+0000] {processor.py:830} INFO - Processing file /opt/airflow/dags/etl_dag.py for tasks to queue
[2024-06-21T14:02:41.332+0000] {logging_mixin.py:188} INFO - [2024-06-21T14:02:41.332+0000] {dagbag.py:545} INFO - Filling up the DagBag from /opt/airflow/dags/etl_dag.py
[2024-06-21T14:02:42.102+0000] {processor.py:840} INFO - DAG(s) 'etl_dag' retrieved from /opt/airflow/dags/etl_dag.py
[2024-06-21T14:02:42.214+0000] {logging_mixin.py:188} INFO - [2024-06-21T14:02:42.213+0000] {dag.py:3096} INFO - Sync 1 DAGs
[2024-06-21T14:02:42.234+0000] {logging_mixin.py:188} INFO - [2024-06-21T14:02:42.234+0000] {dag.py:3954} INFO - Setting next_dagrun for etl_dag to 2024-06-21 14:02:42.097069+00:00, run_after=2024-06-22 14:02:42.097069+00:00
[2024-06-21T14:02:42.259+0000] {processor.py:183} INFO - Processing /opt/airflow/dags/etl_dag.py took 0.937 seconds
