[2024-06-03T03:53:21.532+0000] {local_task_job_runner.py:120} INFO - ::group::Pre task execution logs
[2024-06-03T03:53:21.564+0000] {taskinstance.py:2076} INFO - Dependencies all met for dep_context=non-requeueable deps ti=<TaskInstance: etl_dag.load manual__2024-06-03T03:52:57.634571+00:00 [queued]>
[2024-06-03T03:53:21.574+0000] {taskinstance.py:2076} INFO - Dependencies all met for dep_context=requeueable deps ti=<TaskInstance: etl_dag.load manual__2024-06-03T03:52:57.634571+00:00 [queued]>
[2024-06-03T03:53:21.575+0000] {taskinstance.py:2306} INFO - Starting attempt 1 of 2
[2024-06-03T03:53:21.593+0000] {taskinstance.py:2330} INFO - Executing <Task(PythonOperator): load> on 2024-06-03 03:52:57.634571+00:00
[2024-06-03T03:53:21.623+0000] {logging_mixin.py:188} WARNING - /home/***/.local/lib/python3.12/site-packages/***/task/task_runner/standard_task_runner.py:61 DeprecationWarning: This process (pid=1274) is multi-threaded, use of fork() may lead to deadlocks in the child.
[2024-06-03T03:53:21.625+0000] {standard_task_runner.py:63} INFO - Started process 1278 to run task
[2024-06-03T03:53:21.623+0000] {standard_task_runner.py:90} INFO - Running: ['***', 'tasks', 'run', 'etl_dag', 'load', 'manual__2024-06-03T03:52:57.634571+00:00', '--job-id', '247', '--raw', '--subdir', 'DAGS_FOLDER/etl_dag.py', '--cfg-path', '/tmp/tmp1gr8_e_x']
[2024-06-03T03:53:21.626+0000] {standard_task_runner.py:91} INFO - Job 247: Subtask load
[2024-06-03T03:53:21.650+0000] {logging_mixin.py:188} WARNING - /home/***/.local/lib/python3.12/site-packages/***/settings.py:195 DeprecationWarning: The sql_alchemy_conn option in [core] has been moved to the sql_alchemy_conn option in [database] - the old setting has been used, but please update your config.
[2024-06-03T03:53:21.686+0000] {task_command.py:426} INFO - Running <TaskInstance: etl_dag.load manual__2024-06-03T03:52:57.634571+00:00 [running]> on host aa989158b36e
[2024-06-03T03:53:21.770+0000] {taskinstance.py:2648} INFO - Exporting env vars: AIRFLOW_CTX_DAG_OWNER='***' AIRFLOW_CTX_DAG_ID='etl_dag' AIRFLOW_CTX_TASK_ID='load' AIRFLOW_CTX_EXECUTION_DATE='2024-06-03T03:52:57.634571+00:00' AIRFLOW_CTX_TRY_NUMBER='1' AIRFLOW_CTX_DAG_RUN_ID='manual__2024-06-03T03:52:57.634571+00:00'
[2024-06-03T03:53:21.771+0000] {taskinstance.py:430} INFO - ::endgroup::
[2024-06-03T03:53:21.798+0000] {logging_mixin.py:188} WARNING - /home/***/.local/lib/python3.12/site-packages/google/cloud/firestore_v1/base_collection.py:302 UserWarning: Detected filter using positional arguments. Prefer using the 'filter' keyword argument instead.
[2024-06-03T03:53:28.301+0000] {python.py:237} INFO - Done. Returned value was: None
[2024-06-03T03:53:28.302+0000] {taskinstance.py:441} INFO - ::group::Post task execution logs
[2024-06-03T03:53:28.313+0000] {taskinstance.py:1206} INFO - Marking task as SUCCESS. dag_id=etl_dag, task_id=load, run_id=manual__2024-06-03T03:52:57.634571+00:00, execution_date=20240603T035257, start_date=20240603T035321, end_date=20240603T035328
[2024-06-03T03:53:28.343+0000] {local_task_job_runner.py:240} INFO - Task exited with return code 0
[2024-06-03T03:53:28.359+0000] {taskinstance.py:3498} INFO - 0 downstream tasks scheduled from follow-on schedule check
[2024-06-03T03:53:28.363+0000] {local_task_job_runner.py:222} INFO - ::endgroup::
