[2024-06-03T06:41:36.144+0000] {local_task_job_runner.py:120} INFO - ::group::Pre task execution logs
[2024-06-03T06:41:36.225+0000] {taskinstance.py:2076} INFO - Dependencies all met for dep_context=non-requeueable deps ti=<TaskInstance: etl_dag.extract manual__2024-06-03T06:41:30.925780+00:00 [queued]>
[2024-06-03T06:41:36.236+0000] {taskinstance.py:2076} INFO - Dependencies all met for dep_context=requeueable deps ti=<TaskInstance: etl_dag.extract manual__2024-06-03T06:41:30.925780+00:00 [queued]>
[2024-06-03T06:41:36.237+0000] {taskinstance.py:2306} INFO - Starting attempt 1 of 2
[2024-06-03T06:41:36.259+0000] {taskinstance.py:2330} INFO - Executing <Task(PythonOperator): extract> on 2024-06-03 06:41:30.925780+00:00
[2024-06-03T06:41:36.319+0000] {logging_mixin.py:188} WARNING - /home/***/.local/lib/python3.12/site-packages/***/task/task_runner/standard_task_runner.py:61 DeprecationWarning: This process (pid=6260) is multi-threaded, use of fork() may lead to deadlocks in the child.
[2024-06-03T06:41:36.337+0000] {standard_task_runner.py:63} INFO - Started process 6262 to run task
[2024-06-03T06:41:36.352+0000] {standard_task_runner.py:90} INFO - Running: ['***', 'tasks', 'run', 'etl_dag', 'extract', 'manual__2024-06-03T06:41:30.925780+00:00', '--job-id', '302', '--raw', '--subdir', 'DAGS_FOLDER/etl_dag.py', '--cfg-path', '/tmp/tmpoogh6367']
[2024-06-03T06:41:36.378+0000] {standard_task_runner.py:91} INFO - Job 302: Subtask extract
[2024-06-03T06:41:36.524+0000] {logging_mixin.py:188} WARNING - /home/***/.local/lib/python3.12/site-packages/***/settings.py:195 DeprecationWarning: The sql_alchemy_conn option in [core] has been moved to the sql_alchemy_conn option in [database] - the old setting has been used, but please update your config.
[2024-06-03T06:41:36.718+0000] {task_command.py:426} INFO - Running <TaskInstance: etl_dag.extract manual__2024-06-03T06:41:30.925780+00:00 [running]> on host aa989158b36e
[2024-06-03T06:41:36.998+0000] {taskinstance.py:2648} INFO - Exporting env vars: AIRFLOW_CTX_DAG_OWNER='***' AIRFLOW_CTX_DAG_ID='etl_dag' AIRFLOW_CTX_TASK_ID='extract' AIRFLOW_CTX_EXECUTION_DATE='2024-06-03T06:41:30.925780+00:00' AIRFLOW_CTX_TRY_NUMBER='1' AIRFLOW_CTX_DAG_RUN_ID='manual__2024-06-03T06:41:30.925780+00:00'
[2024-06-03T06:41:37.006+0000] {taskinstance.py:430} INFO - ::endgroup::
[2024-06-03T06:41:38.116+0000] {taskinstance.py:441} INFO - ::group::Post task execution logs
[2024-06-03T06:41:38.120+0000] {taskinstance.py:2905} ERROR - Task failed with exception
Traceback (most recent call last):
  File "/home/airflow/.local/lib/python3.12/site-packages/airflow/models/taskinstance.py", line 465, in _execute_task
    result = _execute_callable(context=context, **execute_callable_kwargs)
             ^^^^^^^^^^^^^^^^^^^^^^^^^^^^^^^^^^^^^^^^^^^^^^^^^^^^^^^^^^^^^
  File "/home/airflow/.local/lib/python3.12/site-packages/airflow/models/taskinstance.py", line 432, in _execute_callable
    return execute_callable(context=context, **execute_callable_kwargs)
           ^^^^^^^^^^^^^^^^^^^^^^^^^^^^^^^^^^^^^^^^^^^^^^^^^^^^^^^^^^^^
  File "/home/airflow/.local/lib/python3.12/site-packages/airflow/models/baseoperator.py", line 400, in wrapper
    return func(self, *args, **kwargs)
           ^^^^^^^^^^^^^^^^^^^^^^^^^^^
  File "/home/airflow/.local/lib/python3.12/site-packages/airflow/operators/python.py", line 235, in execute
    return_value = self.execute_callable()
                   ^^^^^^^^^^^^^^^^^^^^^^^
  File "/home/airflow/.local/lib/python3.12/site-packages/airflow/operators/python.py", line 252, in execute_callable
    return self.python_callable(*self.op_args, **self.op_kwargs)
           ^^^^^^^^^^^^^^^^^^^^^^^^^^^^^^^^^^^^^^^^^^^^^^^^^^^^^
  File "/opt/airflow/dags/etl_dag.py", line 44, in extract
    song['lyrics'] = song['lyrics'].replace(song['author'], "").strip()
                     ~~~~^^^^^^^^^^
KeyError: 'lyrics'
[2024-06-03T06:41:38.183+0000] {taskinstance.py:1206} INFO - Marking task as UP_FOR_RETRY. dag_id=etl_dag, task_id=extract, run_id=manual__2024-06-03T06:41:30.925780+00:00, execution_date=20240603T064130, start_date=20240603T064136, end_date=20240603T064138
[2024-06-03T06:41:38.231+0000] {standard_task_runner.py:110} ERROR - Failed to execute job 302 for task extract ('lyrics'; 6262)
[2024-06-03T06:41:38.267+0000] {local_task_job_runner.py:240} INFO - Task exited with return code 1
[2024-06-03T06:41:38.298+0000] {local_task_job_runner.py:222} INFO - ::endgroup::
