[2024-06-05T03:57:30.769+0000] {local_task_job_runner.py:120} INFO - ::group::Pre task execution logs
[2024-06-05T03:57:30.794+0000] {taskinstance.py:2076} INFO - Dependencies all met for dep_context=non-requeueable deps ti=<TaskInstance: etl_dag.load manual__2024-06-05T03:57:06.790600+00:00 [queued]>
[2024-06-05T03:57:30.803+0000] {taskinstance.py:2076} INFO - Dependencies all met for dep_context=requeueable deps ti=<TaskInstance: etl_dag.load manual__2024-06-05T03:57:06.790600+00:00 [queued]>
[2024-06-05T03:57:30.804+0000] {taskinstance.py:2306} INFO - Starting attempt 1 of 2
[2024-06-05T03:57:30.818+0000] {taskinstance.py:2330} INFO - Executing <Task(PythonOperator): load> on 2024-06-05 03:57:06.790600+00:00
[2024-06-05T03:57:30.827+0000] {logging_mixin.py:188} WARNING - /home/***/.local/lib/python3.12/site-packages/***/task/task_runner/standard_task_runner.py:61 DeprecationWarning: This process (pid=1320) is multi-threaded, use of fork() may lead to deadlocks in the child.
[2024-06-05T03:57:30.827+0000] {standard_task_runner.py:90} INFO - Running: ['***', 'tasks', 'run', 'etl_dag', 'load', 'manual__2024-06-05T03:57:06.790600+00:00', '--job-id', '330', '--raw', '--subdir', 'DAGS_FOLDER/etl_dag.py', '--cfg-path', '/tmp/tmpaie98s3n']
[2024-06-05T03:57:30.830+0000] {standard_task_runner.py:63} INFO - Started process 1326 to run task
[2024-06-05T03:57:30.830+0000] {standard_task_runner.py:91} INFO - Job 330: Subtask load
[2024-06-05T03:57:30.934+0000] {logging_mixin.py:188} WARNING - /home/***/.local/lib/python3.12/site-packages/***/settings.py:195 DeprecationWarning: The sql_alchemy_conn option in [core] has been moved to the sql_alchemy_conn option in [database] - the old setting has been used, but please update your config.
[2024-06-05T03:57:31.093+0000] {task_command.py:426} INFO - Running <TaskInstance: etl_dag.load manual__2024-06-05T03:57:06.790600+00:00 [running]> on host aa989158b36e
[2024-06-05T03:57:31.293+0000] {taskinstance.py:2648} INFO - Exporting env vars: AIRFLOW_CTX_DAG_OWNER='***' AIRFLOW_CTX_DAG_ID='etl_dag' AIRFLOW_CTX_TASK_ID='load' AIRFLOW_CTX_EXECUTION_DATE='2024-06-05T03:57:06.790600+00:00' AIRFLOW_CTX_TRY_NUMBER='1' AIRFLOW_CTX_DAG_RUN_ID='manual__2024-06-05T03:57:06.790600+00:00'
[2024-06-05T03:57:31.295+0000] {taskinstance.py:430} INFO - ::endgroup::
[2024-06-05T03:57:31.336+0000] {logging_mixin.py:188} WARNING - /home/***/.local/lib/python3.12/site-packages/google/cloud/firestore_v1/base_collection.py:302 UserWarning: Detected filter using positional arguments. Prefer using the 'filter' keyword argument instead.
[2024-06-05T03:57:32.573+0000] {logging_mixin.py:188} INFO - Document with title 'Hẹn em ở lần yêu thứ 2' already exists, updated the document.
[2024-06-05T03:57:32.899+0000] {logging_mixin.py:188} INFO - Document with title 'Mưa đêm' already exists, updated the document.
[2024-06-05T03:57:33.212+0000] {logging_mixin.py:188} INFO - Document with title 'Thánh Vịnh 44 (15.8)' already exists, updated the document.
[2024-06-05T03:57:33.433+0000] {logging_mixin.py:188} INFO - Document with title 'Thánh Vịnh 44 (15.8)' already exists, updated the document.
[2024-06-05T03:57:33.637+0000] {logging_mixin.py:188} INFO - Document with title 'Ca Khúc Tương Tiến (tv 44)' already exists, updated the document.
[2024-06-05T03:57:33.837+0000] {logging_mixin.py:188} INFO - Document with title 'Thánh Vịnh 44' already exists, updated the document.
[2024-06-05T03:57:34.020+0000] {logging_mixin.py:188} INFO - Document with title 'Thánh Vịnh 44 (15.8)' already exists, updated the document.
[2024-06-05T03:57:34.203+0000] {logging_mixin.py:188} INFO - Document with title 'Lạy Mẹ Vô Nhiễm Nguyên Tội' already exists, updated the document.
[2024-06-05T03:57:34.368+0000] {logging_mixin.py:188} INFO - Document with title 'Về Nơi đây' already exists, updated the document.
[2024-06-05T03:57:34.534+0000] {logging_mixin.py:188} INFO - Document with title 'Nguyện Yêu Chúa' already exists, updated the document.
[2024-06-05T03:57:34.727+0000] {logging_mixin.py:188} INFO - Document with title 'Thánh Tâm Giê' already exists, updated the document.
[2024-06-05T03:57:34.911+0000] {logging_mixin.py:188} INFO - Document with title 'đến Với Trái Tim Ta' already exists, updated the document.
[2024-06-05T03:57:35.097+0000] {logging_mixin.py:188} INFO - Document with title 'Một Người Lính' already exists, updated the document.
[2024-06-05T03:57:35.291+0000] {logging_mixin.py:188} INFO - Document with title 'Hãy đến Với Ta (ttca)' already exists, updated the document.
[2024-06-05T03:57:35.468+0000] {logging_mixin.py:188} INFO - Document with title 'Về Bên Thánh Tâm' already exists, updated the document.
[2024-06-05T03:57:35.640+0000] {logging_mixin.py:188} INFO - Document with title 'ôi Tình Yêu Chúa' already exists, updated the document.
[2024-06-05T03:57:35.816+0000] {logging_mixin.py:188} INFO - Document with title 'Suối Nguồn Tình Yêu' already exists, updated the document.
[2024-06-05T03:57:36.014+0000] {logging_mixin.py:188} INFO - Document with title 'Thánh Ca ISAIA (Is 12)' already exists, updated the document.
[2024-06-05T03:57:36.189+0000] {logging_mixin.py:188} INFO - Document with title 'Internet love' already exists, updated the document.
[2024-06-05T03:57:36.382+0000] {logging_mixin.py:188} INFO - Document with title 'César và Thiên Chúa' already exists, updated the document.
[2024-06-05T03:57:36.569+0000] {logging_mixin.py:188} INFO - Document with title 'Chờ ngày lời hứa nở hoa' already exists, updated the document.
[2024-06-05T03:57:36.769+0000] {logging_mixin.py:188} INFO - Document with title 'Kinh cầu cho thế giới' already exists, updated the document.
[2024-06-05T03:57:36.939+0000] {logging_mixin.py:188} INFO - Document with title 'Tình Ngài cho con' already exists, updated the document.
[2024-06-05T03:57:37.116+0000] {logging_mixin.py:188} INFO - Document with title 'Giọt nước mắt tạ ơn' already exists, updated the document.
[2024-06-05T03:57:37.296+0000] {logging_mixin.py:188} INFO - Document with title 'Thu mãi quan san' already exists, updated the document.
[2024-06-05T03:57:37.462+0000] {logging_mixin.py:188} INFO - Document with title 'Belem ơi' already exists, updated the document.
[2024-06-05T03:57:37.642+0000] {logging_mixin.py:188} INFO - Document with title 'Giọt nắng Ban Mê' already exists, updated the document.
[2024-06-05T03:57:37.816+0000] {logging_mixin.py:188} INFO - Document with title 'Cô phòng' already exists, updated the document.
[2024-06-05T03:57:37.986+0000] {logging_mixin.py:188} INFO - Document with title 'Bài thương khó Chúa Giêsu' already exists, updated the document.
[2024-06-05T03:57:38.173+0000] {logging_mixin.py:188} INFO - Document with title 'Chúa đã thương tôi' already exists, updated the document.
[2024-06-05T03:57:38.345+0000] {logging_mixin.py:188} INFO - Document with title 'Sông đọa đày' already exists, updated the document.
[2024-06-05T03:57:38.512+0000] {logging_mixin.py:188} INFO - Document with title 'Đế vương' already exists, updated the document.
[2024-06-05T03:57:38.691+0000] {logging_mixin.py:188} INFO - Document with title 'Cảm mến ân tình' already exists, updated the document.
[2024-06-05T03:57:38.861+0000] {logging_mixin.py:188} INFO - Document with title 'Chúa chăn nuôi tôi' already exists, updated the document.
[2024-06-05T03:57:39.041+0000] {logging_mixin.py:188} INFO - Document with title 'Giai khúc dâng tiến 2' already exists, updated the document.
[2024-06-05T03:57:39.210+0000] {logging_mixin.py:188} INFO - Document with title 'Bài ca xuân tặng người' already exists, updated the document.
[2024-06-05T03:57:39.372+0000] {logging_mixin.py:188} INFO - Document with title 'Sài Gòn của em của anh' already exists, updated the document.
[2024-06-05T03:57:39.552+0000] {logging_mixin.py:188} INFO - Document with title 'Có hẹn với thanh xuân' already exists, updated the document.
[2024-06-05T03:57:39.728+0000] {logging_mixin.py:188} INFO - Document with title 'Hoài cảm' already exists, updated the document.
[2024-06-05T03:57:39.892+0000] {logging_mixin.py:188} INFO - Document with title 'Ca khúc trầm hương' already exists, updated the document.
[2024-06-05T03:57:40.059+0000] {logging_mixin.py:188} INFO - Document with title 'Bông hồng dâng Mẹ' already exists, updated the document.
[2024-06-05T03:57:40.226+0000] {logging_mixin.py:188} INFO - Document with title 'Giọt nắng bên thềm' already exists, updated the document.
[2024-06-05T03:57:40.396+0000] {logging_mixin.py:188} INFO - Document with title 'Thương ly biệt' already exists, updated the document.
[2024-06-05T03:57:40.563+0000] {logging_mixin.py:188} INFO - Document with title 'Người gieo mầm xanh' already exists, updated the document.
[2024-06-05T03:57:40.835+0000] {logging_mixin.py:188} INFO - Document with title 'Mẹ tôi' already exists, updated the document.
[2024-06-05T03:57:41.045+0000] {logging_mixin.py:188} INFO - Document with title 'Lần hẹn hò đầu tiên' already exists, updated the document.
[2024-06-05T03:57:41.384+0000] {logging_mixin.py:188} INFO - Document with title 'Để tôi ôm em bằng giai điệu này' already exists, updated the document.
[2024-06-05T03:57:41.685+0000] {logging_mixin.py:188} INFO - Document with title 'Muộn phiền' already exists, updated the document.
[2024-06-05T03:57:41.998+0000] {logging_mixin.py:188} INFO - Document with title 'Ăn năn tội mình' already exists, updated the document.
[2024-06-05T03:57:42.350+0000] {logging_mixin.py:188} INFO - Document with title 'Đêm qua em mơ gặp Bác Hồ' already exists, updated the document.
[2024-06-05T03:57:42.536+0000] {logging_mixin.py:188} INFO - Document with title 'Tiếng hát trên sông Lô' already exists, updated the document.
[2024-06-05T03:57:42.744+0000] {logging_mixin.py:188} INFO - Document with title 'Bình ca 10 (Ngày sẽ tới)' already exists, updated the document.
[2024-06-05T03:57:43.069+0000] {logging_mixin.py:188} INFO - Document with title 'Khi Jesus qua' already exists, updated the document.
[2024-06-05T03:57:43.255+0000] {logging_mixin.py:188} INFO - Document with title 'Xin như làn mây trắng' already exists, updated the document.
[2024-06-05T03:57:43.577+0000] {logging_mixin.py:188} INFO - Document with title 'Tiếng hát về đêm' already exists, updated the document.
[2024-06-05T03:57:43.758+0000] {logging_mixin.py:188} INFO - Document with title 'Bài ca hiệp hành' already exists, updated the document.
[2024-06-05T03:57:43.927+0000] {logging_mixin.py:188} INFO - Document with title 'Đất nước mình ngộ quá phải không anh?' already exists, updated the document.
[2024-06-05T03:57:44.093+0000] {logging_mixin.py:188} INFO - Document with title 'Con đường có hàng phượng tím' already exists, updated the document.
[2024-06-05T03:57:44.266+0000] {logging_mixin.py:188} INFO - Document with title 'Em đến cùng mùa xuân' already exists, updated the document.
[2024-06-05T03:57:44.443+0000] {logging_mixin.py:188} INFO - Document with title 'Thì thầm' already exists, updated the document.
[2024-06-05T03:57:44.447+0000] {python.py:237} INFO - Done. Returned value was: None
[2024-06-05T03:57:44.449+0000] {taskinstance.py:441} INFO - ::group::Post task execution logs
[2024-06-05T03:57:44.529+0000] {taskinstance.py:1206} INFO - Marking task as SUCCESS. dag_id=etl_dag, task_id=load, run_id=manual__2024-06-05T03:57:06.790600+00:00, execution_date=20240605T035706, start_date=20240605T035730, end_date=20240605T035744
[2024-06-05T03:57:44.663+0000] {local_task_job_runner.py:240} INFO - Task exited with return code 0
[2024-06-05T03:57:44.733+0000] {taskinstance.py:3498} INFO - 0 downstream tasks scheduled from follow-on schedule check
[2024-06-05T03:57:44.736+0000] {local_task_job_runner.py:222} INFO - ::endgroup::
