[2024-06-05T03:50:07.461+0000] {local_task_job_runner.py:120} INFO - ::group::Pre task execution logs
[2024-06-05T03:50:07.490+0000] {taskinstance.py:2076} INFO - Dependencies all met for dep_context=non-requeueable deps ti=<TaskInstance: etl_dag.load manual__2024-06-05T03:49:41.215958+00:00 [queued]>
[2024-06-05T03:50:07.499+0000] {taskinstance.py:2076} INFO - Dependencies all met for dep_context=requeueable deps ti=<TaskInstance: etl_dag.load manual__2024-06-05T03:49:41.215958+00:00 [queued]>
[2024-06-05T03:50:07.501+0000] {taskinstance.py:2306} INFO - Starting attempt 1 of 2
[2024-06-05T03:50:07.517+0000] {taskinstance.py:2330} INFO - Executing <Task(PythonOperator): load> on 2024-06-05 03:49:41.215958+00:00
[2024-06-05T03:50:07.529+0000] {logging_mixin.py:188} WARNING - /home/***/.local/lib/python3.12/site-packages/***/task/task_runner/standard_task_runner.py:61 DeprecationWarning: This process (pid=832) is multi-threaded, use of fork() may lead to deadlocks in the child.
[2024-06-05T03:50:07.530+0000] {standard_task_runner.py:63} INFO - Started process 838 to run task
[2024-06-05T03:50:07.529+0000] {standard_task_runner.py:90} INFO - Running: ['***', 'tasks', 'run', 'etl_dag', 'load', 'manual__2024-06-05T03:49:41.215958+00:00', '--job-id', '324', '--raw', '--subdir', 'DAGS_FOLDER/etl_dag.py', '--cfg-path', '/tmp/tmpyyldzek2']
[2024-06-05T03:50:07.532+0000] {standard_task_runner.py:91} INFO - Job 324: Subtask load
[2024-06-05T03:50:07.548+0000] {logging_mixin.py:188} WARNING - /home/***/.local/lib/python3.12/site-packages/***/settings.py:195 DeprecationWarning: The sql_alchemy_conn option in [core] has been moved to the sql_alchemy_conn option in [database] - the old setting has been used, but please update your config.
[2024-06-05T03:50:07.583+0000] {task_command.py:426} INFO - Running <TaskInstance: etl_dag.load manual__2024-06-05T03:49:41.215958+00:00 [running]> on host aa989158b36e
[2024-06-05T03:50:07.682+0000] {taskinstance.py:2648} INFO - Exporting env vars: AIRFLOW_CTX_DAG_OWNER='***' AIRFLOW_CTX_DAG_ID='etl_dag' AIRFLOW_CTX_TASK_ID='load' AIRFLOW_CTX_EXECUTION_DATE='2024-06-05T03:49:41.215958+00:00' AIRFLOW_CTX_TRY_NUMBER='1' AIRFLOW_CTX_DAG_RUN_ID='manual__2024-06-05T03:49:41.215958+00:00'
[2024-06-05T03:50:07.683+0000] {taskinstance.py:430} INFO - ::endgroup::
[2024-06-05T03:50:07.719+0000] {logging_mixin.py:188} WARNING - /home/***/.local/lib/python3.12/site-packages/google/cloud/firestore_v1/base_collection.py:302 UserWarning: Detected filter using positional arguments. Prefer using the 'filter' keyword argument instead.
[2024-06-05T03:50:08.963+0000] {logging_mixin.py:188} INFO - Document with title 'Hẹn em ở lần yêu thứ 2' already exists, updated the document.
[2024-06-05T03:50:09.228+0000] {logging_mixin.py:188} INFO - Document with title 'Mưa đêm' already exists, updated the document.
[2024-06-05T03:50:09.579+0000] {logging_mixin.py:188} INFO - Document with title 'Thánh Vịnh 44 (15.8)' already exists, updated the document.
[2024-06-05T03:50:09.833+0000] {logging_mixin.py:188} INFO - Document with title 'Thánh Vịnh 44 (15.8)' already exists, updated the document.
[2024-06-05T03:50:10.036+0000] {logging_mixin.py:188} INFO - Document with title 'Ca Khúc Tương Tiến (tv 44)' already exists, updated the document.
[2024-06-05T03:50:10.246+0000] {logging_mixin.py:188} INFO - Document with title 'Thánh Vịnh 44' already exists, updated the document.
[2024-06-05T03:50:10.454+0000] {logging_mixin.py:188} INFO - Document with title 'Thánh Vịnh 44 (15.8)' already exists, updated the document.
[2024-06-05T03:50:10.648+0000] {logging_mixin.py:188} INFO - Document with title 'Lạy Mẹ Vô Nhiễm Nguyên Tội' already exists, updated the document.
[2024-06-05T03:50:10.841+0000] {logging_mixin.py:188} INFO - Document with title 'Về Nơi đây' already exists, updated the document.
[2024-06-05T03:50:11.050+0000] {logging_mixin.py:188} INFO - Document with title 'Nguyện Yêu Chúa' already exists, updated the document.
[2024-06-05T03:50:11.257+0000] {logging_mixin.py:188} INFO - Document with title 'Thánh Tâm Giê' already exists, updated the document.
[2024-06-05T03:50:11.451+0000] {logging_mixin.py:188} INFO - Document with title 'đến Với Trái Tim Ta' already exists, updated the document.
[2024-06-05T03:50:11.659+0000] {logging_mixin.py:188} INFO - Document with title 'Một Người Lính' already exists, updated the document.
[2024-06-05T03:50:12.060+0000] {logging_mixin.py:188} INFO - Document with title 'Hãy đến Với Ta (ttca)' already exists, updated the document.
[2024-06-05T03:50:12.270+0000] {logging_mixin.py:188} INFO - Document with title 'Về Bên Thánh Tâm' already exists, updated the document.
[2024-06-05T03:50:12.468+0000] {logging_mixin.py:188} INFO - Document with title 'ôi Tình Yêu Chúa' already exists, updated the document.
[2024-06-05T03:50:12.657+0000] {logging_mixin.py:188} INFO - Document with title 'Suối Nguồn Tình Yêu' already exists, updated the document.
[2024-06-05T03:50:12.842+0000] {logging_mixin.py:188} INFO - Document with title 'Thánh Ca ISAIA (Is 12)' already exists, updated the document.
[2024-06-05T03:50:13.033+0000] {logging_mixin.py:188} INFO - Document with title 'Internet love' already exists, updated the document.
[2024-06-05T03:50:13.230+0000] {logging_mixin.py:188} INFO - Document with title 'César và Thiên Chúa' already exists, updated the document.
[2024-06-05T03:50:13.420+0000] {logging_mixin.py:188} INFO - Document with title 'Chờ ngày lời hứa nở hoa' already exists, updated the document.
[2024-06-05T03:50:13.613+0000] {logging_mixin.py:188} INFO - Document with title 'Kinh cầu cho thế giới' already exists, updated the document.
[2024-06-05T03:50:13.821+0000] {logging_mixin.py:188} INFO - Document with title 'Tình Ngài cho con' already exists, updated the document.
[2024-06-05T03:50:14.015+0000] {logging_mixin.py:188} INFO - Document with title 'Giọt nước mắt tạ ơn' already exists, updated the document.
[2024-06-05T03:50:14.222+0000] {logging_mixin.py:188} INFO - Document with title 'Thu mãi quan san' already exists, updated the document.
[2024-06-05T03:50:14.419+0000] {logging_mixin.py:188} INFO - Document with title 'Belem ơi' already exists, updated the document.
[2024-06-05T03:50:14.608+0000] {logging_mixin.py:188} INFO - Document with title 'Giọt nắng Ban Mê' already exists, updated the document.
[2024-06-05T03:50:14.797+0000] {logging_mixin.py:188} INFO - Document with title 'Cô phòng' already exists, updated the document.
[2024-06-05T03:50:14.999+0000] {logging_mixin.py:188} INFO - Document with title 'Bài thương khó Chúa Giêsu' already exists, updated the document.
[2024-06-05T03:50:15.185+0000] {logging_mixin.py:188} INFO - Document with title 'Chúa đã thương tôi' already exists, updated the document.
[2024-06-05T03:50:15.369+0000] {logging_mixin.py:188} INFO - Document with title 'Sông đọa đày' already exists, updated the document.
[2024-06-05T03:50:15.556+0000] {logging_mixin.py:188} INFO - Document with title 'Đế vương' already exists, updated the document.
[2024-06-05T03:50:15.752+0000] {logging_mixin.py:188} INFO - Document with title 'Cảm mến ân tình' already exists, updated the document.
[2024-06-05T03:50:15.957+0000] {logging_mixin.py:188} INFO - Document with title 'Chúa chăn nuôi tôi' already exists, updated the document.
[2024-06-05T03:50:16.151+0000] {logging_mixin.py:188} INFO - Document with title 'Giai khúc dâng tiến 2' already exists, updated the document.
[2024-06-05T03:50:16.339+0000] {logging_mixin.py:188} INFO - Document with title 'Bài ca xuân tặng người' already exists, updated the document.
[2024-06-05T03:50:16.531+0000] {logging_mixin.py:188} INFO - Document with title 'Sài Gòn của em của anh' already exists, updated the document.
[2024-06-05T03:50:16.718+0000] {logging_mixin.py:188} INFO - Document with title 'Có hẹn với thanh xuân' already exists, updated the document.
[2024-06-05T03:50:16.908+0000] {logging_mixin.py:188} INFO - Document with title 'Hoài cảm' already exists, updated the document.
[2024-06-05T03:50:17.097+0000] {logging_mixin.py:188} INFO - Document with title 'Ca khúc trầm hương' already exists, updated the document.
[2024-06-05T03:50:17.296+0000] {logging_mixin.py:188} INFO - Document with title 'Bông hồng dâng Mẹ' already exists, updated the document.
[2024-06-05T03:50:17.501+0000] {logging_mixin.py:188} INFO - Document with title 'Giọt nắng bên thềm' already exists, updated the document.
[2024-06-05T03:50:17.698+0000] {logging_mixin.py:188} INFO - Document with title 'Thương ly biệt' already exists, updated the document.
[2024-06-05T03:50:17.897+0000] {logging_mixin.py:188} INFO - Document with title 'Người gieo mầm xanh' already exists, updated the document.
[2024-06-05T03:50:18.099+0000] {logging_mixin.py:188} INFO - Document with title 'Mẹ tôi' already exists, updated the document.
[2024-06-05T03:50:18.291+0000] {logging_mixin.py:188} INFO - Document with title 'Lần hẹn hò đầu tiên' already exists, updated the document.
[2024-06-05T03:50:18.483+0000] {logging_mixin.py:188} INFO - Document with title 'Để tôi ôm em bằng giai điệu này' already exists, updated the document.
[2024-06-05T03:50:18.667+0000] {logging_mixin.py:188} INFO - Document with title 'Muộn phiền' already exists, updated the document.
[2024-06-05T03:50:18.852+0000] {logging_mixin.py:188} INFO - Document with title 'Ăn năn tội mình' already exists, updated the document.
[2024-06-05T03:50:19.038+0000] {logging_mixin.py:188} INFO - Document with title 'Đêm qua em mơ gặp Bác Hồ' already exists, updated the document.
[2024-06-05T03:50:19.230+0000] {logging_mixin.py:188} INFO - Document with title 'Tiếng hát trên sông Lô' already exists, updated the document.
[2024-06-05T03:50:19.416+0000] {logging_mixin.py:188} INFO - Document with title 'Bình ca 10 (Ngày sẽ tới)' already exists, updated the document.
[2024-06-05T03:50:19.605+0000] {logging_mixin.py:188} INFO - Document with title 'Khi Jesus qua' already exists, updated the document.
[2024-06-05T03:50:19.796+0000] {logging_mixin.py:188} INFO - Document with title 'Xin như làn mây trắng' already exists, updated the document.
[2024-06-05T03:50:19.983+0000] {logging_mixin.py:188} INFO - Document with title 'Tiếng hát về đêm' already exists, updated the document.
[2024-06-05T03:50:20.166+0000] {logging_mixin.py:188} INFO - Document with title 'Bài ca hiệp hành' already exists, updated the document.
[2024-06-05T03:50:20.361+0000] {logging_mixin.py:188} INFO - Document with title 'Đất nước mình ngộ quá phải không anh?' already exists, updated the document.
[2024-06-05T03:50:20.548+0000] {logging_mixin.py:188} INFO - Document with title 'Con đường có hàng phượng tím' already exists, updated the document.
[2024-06-05T03:50:20.735+0000] {logging_mixin.py:188} INFO - Document with title 'Em đến cùng mùa xuân' already exists, updated the document.
[2024-06-05T03:50:20.927+0000] {logging_mixin.py:188} INFO - Document with title 'Thì thầm' already exists, updated the document.
[2024-06-05T03:50:20.929+0000] {python.py:237} INFO - Done. Returned value was: None
[2024-06-05T03:50:20.930+0000] {taskinstance.py:441} INFO - ::group::Post task execution logs
[2024-06-05T03:50:20.941+0000] {taskinstance.py:1206} INFO - Marking task as SUCCESS. dag_id=etl_dag, task_id=load, run_id=manual__2024-06-05T03:49:41.215958+00:00, execution_date=20240605T034941, start_date=20240605T035007, end_date=20240605T035020
[2024-06-05T03:50:20.996+0000] {local_task_job_runner.py:240} INFO - Task exited with return code 0
[2024-06-05T03:50:21.011+0000] {taskinstance.py:3498} INFO - 0 downstream tasks scheduled from follow-on schedule check
[2024-06-05T03:50:21.014+0000] {local_task_job_runner.py:222} INFO - ::endgroup::
